[29/01/2023 04:24:18 p. m.] [INFO ] - Starting OdsApplicationTests using Java 18 with PID 10580 (started by Gabo in E:\BEDU\ODS)
[29/01/2023 04:24:18 p. m.] [INFO ] - No active profile set, falling back to 1 default profile: "default"
[29/01/2023 04:24:20 p. m.] [INFO ] - Bootstrapping Spring Data JPA repositories in DEFAULT mode.
[29/01/2023 04:24:20 p. m.] [INFO ] - Finished Spring Data repository scanning in 87 ms. Found 3 JPA repository interfaces.
[29/01/2023 04:24:22 p. m.] [INFO ] - HHH000204: Processing PersistenceUnitInfo [name: default]
[29/01/2023 04:24:22 p. m.] [INFO ] - HHH000412: Hibernate ORM core version 6.1.5.Final
[29/01/2023 04:24:22 p. m.] [WARN ] - HHH90000021: Encountered deprecated setting [javax.persistence.sharedCache.mode], use [jakarta.persistence.sharedCache.mode] instead
[29/01/2023 04:24:23 p. m.] [INFO ] - HikariPool-1 - Starting...
[29/01/2023 04:24:23 p. m.] [INFO ] - HikariPool-1 - Added connection com.mysql.cj.jdbc.ConnectionImpl@55881f40
[29/01/2023 04:24:23 p. m.] [INFO ] - HikariPool-1 - Start completed.
[29/01/2023 04:24:23 p. m.] [INFO ] - HHH000400: Using dialect: org.hibernate.dialect.MySQLDialect
[29/01/2023 04:24:25 p. m.] [INFO ] - HHH000490: Using JtaPlatform implementation: [org.hibernate.engine.transaction.jta.platform.internal.NoJtaPlatform]
[29/01/2023 04:24:25 p. m.] [INFO ] - Initialized JPA EntityManagerFactory for persistence unit 'default'
[29/01/2023 04:24:26 p. m.] [WARN ] - spring.jpa.open-in-view is enabled by default. Therefore, database queries may be performed during view rendering. Explicitly configure spring.jpa.open-in-view to disable this warning
[29/01/2023 04:24:28 p. m.] [INFO ] - Will secure any request with [org.springframework.security.web.session.DisableEncodeUrlFilter@738ed8d3, org.springframework.security.web.context.request.async.WebAsyncManagerIntegrationFilter@328b2c2a, org.springframework.security.web.context.SecurityContextHolderFilter@70d24586, org.springframework.security.web.header.HeaderWriterFilter@578483bd, org.springframework.security.web.authentication.logout.LogoutFilter@5e08ed28, org.bedu.ods.Config.jwt.JwtTokenAuthenticationFilter@517fb2c3, org.springframework.security.web.savedrequest.RequestCacheAwareFilter@52238861, org.springframework.security.web.servletapi.SecurityContextHolderAwareRequestFilter@279e4506, org.springframework.security.web.authentication.AnonymousAuthenticationFilter@6c289070, org.springframework.security.web.session.SessionManagementFilter@2a10407e, org.springframework.security.web.access.ExceptionTranslationFilter@51f31fad, org.springframework.security.web.access.intercept.AuthorizationFilter@6db59e26]
[29/01/2023 04:24:29 p. m.] [INFO ] - Started OdsApplicationTests in 10.983 seconds (process running for 12.244)
[29/01/2023 04:24:30 p. m.] [INFO ] - Closing JPA EntityManagerFactory for persistence unit 'default'
[29/01/2023 04:24:30 p. m.] [INFO ] - HikariPool-1 - Shutdown initiated...
[29/01/2023 04:24:30 p. m.] [INFO ] - HikariPool-1 - Shutdown completed.
[29/01/2023 04:24:46 p. m.] [INFO ] - Starting OdsApplication using Java 18 with PID 16276 (E:\BEDU\ODS\target\classes started by Gabo in E:\BEDU\ODS)
[29/01/2023 04:24:46 p. m.] [INFO ] - No active profile set, falling back to 1 default profile: "default"
[29/01/2023 04:24:47 p. m.] [INFO ] - Bootstrapping Spring Data JPA repositories in DEFAULT mode.
[29/01/2023 04:24:47 p. m.] [INFO ] - Finished Spring Data repository scanning in 61 ms. Found 3 JPA repository interfaces.
[29/01/2023 04:24:47 p. m.] [INFO ] - Tomcat initialized with port(s): 8084 (http)
[29/01/2023 04:24:47 p. m.] [INFO ] - Starting service [Tomcat]
[29/01/2023 04:24:47 p. m.] [INFO ] - Starting Servlet engine: [Apache Tomcat/10.1.1]
[29/01/2023 04:24:47 p. m.] [INFO ] - Initializing Spring embedded WebApplicationContext
[29/01/2023 04:24:47 p. m.] [INFO ] - Root WebApplicationContext: initialization completed in 1580 ms
[29/01/2023 04:24:48 p. m.] [INFO ] - HHH000204: Processing PersistenceUnitInfo [name: default]
[29/01/2023 04:24:48 p. m.] [INFO ] - HHH000412: Hibernate ORM core version 6.1.5.Final
[29/01/2023 04:24:48 p. m.] [WARN ] - HHH90000021: Encountered deprecated setting [javax.persistence.sharedCache.mode], use [jakarta.persistence.sharedCache.mode] instead
[29/01/2023 04:24:48 p. m.] [INFO ] - HikariPool-1 - Starting...
[29/01/2023 04:24:48 p. m.] [INFO ] - HikariPool-1 - Added connection com.mysql.cj.jdbc.ConnectionImpl@429f0ca8
[29/01/2023 04:24:48 p. m.] [INFO ] - HikariPool-1 - Start completed.
[29/01/2023 04:24:48 p. m.] [INFO ] - HHH000400: Using dialect: org.hibernate.dialect.MySQLDialect
[29/01/2023 04:24:49 p. m.] [INFO ] - HHH000490: Using JtaPlatform implementation: [org.hibernate.engine.transaction.jta.platform.internal.NoJtaPlatform]
[29/01/2023 04:24:49 p. m.] [INFO ] - Initialized JPA EntityManagerFactory for persistence unit 'default'
[29/01/2023 04:24:49 p. m.] [WARN ] - spring.jpa.open-in-view is enabled by default. Therefore, database queries may be performed during view rendering. Explicitly configure spring.jpa.open-in-view to disable this warning
[29/01/2023 04:24:51 p. m.] [INFO ] - Will secure any request with [org.springframework.security.web.session.DisableEncodeUrlFilter@2086f336, org.springframework.security.web.context.request.async.WebAsyncManagerIntegrationFilter@19a799cb, org.springframework.security.web.context.SecurityContextHolderFilter@602e7a9e, org.springframework.security.web.header.HeaderWriterFilter@80081d7, org.springframework.security.web.authentication.logout.LogoutFilter@4733662d, org.bedu.ods.Config.jwt.JwtTokenAuthenticationFilter@4d50f682, org.springframework.security.web.savedrequest.RequestCacheAwareFilter@19c6e821, org.springframework.security.web.servletapi.SecurityContextHolderAwareRequestFilter@1dfd3635, org.springframework.security.web.authentication.AnonymousAuthenticationFilter@3445341, org.springframework.security.web.session.SessionManagementFilter@5edce7da, org.springframework.security.web.access.ExceptionTranslationFilter@247877f3, org.springframework.security.web.access.intercept.AuthorizationFilter@69860811]
[29/01/2023 04:24:51 p. m.] [INFO ] - Tomcat started on port(s): 8084 (http) with context path ''
[29/01/2023 04:24:51 p. m.] [INFO ] - Started OdsApplication in 6.092 seconds (process running for 6.851)
[29/01/2023 04:26:05 p. m.] [INFO ] - Closing JPA EntityManagerFactory for persistence unit 'default'
[29/01/2023 04:26:05 p. m.] [INFO ] - HikariPool-1 - Shutdown initiated...
[29/01/2023 04:26:05 p. m.] [INFO ] - HikariPool-1 - Shutdown completed.
[29/01/2023 04:28:29 p. m.] [INFO ] - Starting OdsApplication using Java 18 with PID 17388 (E:\BEDU\ODS\target\classes started by Gabo in E:\BEDU\ODS)
[29/01/2023 04:28:29 p. m.] [INFO ] - No active profile set, falling back to 1 default profile: "default"
[29/01/2023 04:28:30 p. m.] [INFO ] - Bootstrapping Spring Data JPA repositories in DEFAULT mode.
[29/01/2023 04:28:30 p. m.] [INFO ] - Finished Spring Data repository scanning in 65 ms. Found 3 JPA repository interfaces.
[29/01/2023 04:28:31 p. m.] [INFO ] - Tomcat initialized with port(s): 8084 (http)
[29/01/2023 04:28:31 p. m.] [INFO ] - Starting service [Tomcat]
[29/01/2023 04:28:31 p. m.] [INFO ] - Starting Servlet engine: [Apache Tomcat/10.1.1]
[29/01/2023 04:28:31 p. m.] [INFO ] - Initializing Spring embedded WebApplicationContext
[29/01/2023 04:28:31 p. m.] [INFO ] - Root WebApplicationContext: initialization completed in 1599 ms
[29/01/2023 04:28:31 p. m.] [INFO ] - HHH000204: Processing PersistenceUnitInfo [name: default]
[29/01/2023 04:28:31 p. m.] [INFO ] - HHH000412: Hibernate ORM core version 6.1.5.Final
[29/01/2023 04:28:31 p. m.] [WARN ] - HHH90000021: Encountered deprecated setting [javax.persistence.sharedCache.mode], use [jakarta.persistence.sharedCache.mode] instead
[29/01/2023 04:28:31 p. m.] [INFO ] - HikariPool-1 - Starting...
[29/01/2023 04:28:32 p. m.] [INFO ] - HikariPool-1 - Added connection com.mysql.cj.jdbc.ConnectionImpl@2c0dca15
[29/01/2023 04:28:32 p. m.] [INFO ] - HikariPool-1 - Start completed.
[29/01/2023 04:28:32 p. m.] [INFO ] - HHH000400: Using dialect: org.hibernate.dialect.MySQLDialect
[29/01/2023 04:28:33 p. m.] [INFO ] - HHH000490: Using JtaPlatform implementation: [org.hibernate.engine.transaction.jta.platform.internal.NoJtaPlatform]
[29/01/2023 04:28:33 p. m.] [INFO ] - Initialized JPA EntityManagerFactory for persistence unit 'default'
[29/01/2023 04:28:33 p. m.] [WARN ] - spring.jpa.open-in-view is enabled by default. Therefore, database queries may be performed during view rendering. Explicitly configure spring.jpa.open-in-view to disable this warning
[29/01/2023 04:28:34 p. m.] [INFO ] - Will secure any request with [org.springframework.security.web.session.DisableEncodeUrlFilter@1644cc2d, org.springframework.security.web.context.request.async.WebAsyncManagerIntegrationFilter@f83616, org.springframework.security.web.context.SecurityContextHolderFilter@2b30b25f, org.springframework.security.web.header.HeaderWriterFilter@6888746c, org.springframework.security.web.authentication.logout.LogoutFilter@4e23ddf0, org.bedu.ods.Config.jwt.JwtTokenAuthenticationFilter@162a5c4c, org.springframework.security.web.savedrequest.RequestCacheAwareFilter@195d4780, org.springframework.security.web.servletapi.SecurityContextHolderAwareRequestFilter@18c95fbb, org.springframework.security.web.authentication.AnonymousAuthenticationFilter@5f0bf0ed, org.springframework.security.web.session.SessionManagementFilter@1acd2a14, org.springframework.security.web.access.ExceptionTranslationFilter@10b0dd3a, org.springframework.security.web.access.intercept.AuthorizationFilter@5f0a5848]
[29/01/2023 04:28:35 p. m.] [INFO ] - Tomcat started on port(s): 8084 (http) with context path ''
[29/01/2023 04:28:35 p. m.] [INFO ] - Started OdsApplication in 5.944 seconds (process running for 6.403)
[29/01/2023 04:29:19 p. m.] [INFO ] - Initializing Spring DispatcherServlet 'dispatcherServlet'
[29/01/2023 04:29:19 p. m.] [INFO ] - Initializing Servlet 'dispatcherServlet'
[29/01/2023 04:29:19 p. m.] [INFO ] - Completed initialization in 1 ms
[29/01/2023 04:29:19 p. m.] [INFO ] - Extracting token from HttpServletRequest: null
[29/01/2023 04:30:29 p. m.] [INFO ] - Closing JPA EntityManagerFactory for persistence unit 'default'
[29/01/2023 04:30:29 p. m.] [INFO ] - HikariPool-1 - Shutdown initiated...
[29/01/2023 04:30:29 p. m.] [INFO ] - HikariPool-1 - Shutdown completed.
[29/01/2023 04:31:32 p. m.] [INFO ] - Starting OdsApplication using Java 18 with PID 12776 (E:\BEDU\ODS\target\classes started by Gabo in E:\BEDU\ODS)
[29/01/2023 04:31:32 p. m.] [INFO ] - No active profile set, falling back to 1 default profile: "default"
[29/01/2023 04:31:33 p. m.] [INFO ] - Bootstrapping Spring Data JPA repositories in DEFAULT mode.
[29/01/2023 04:31:34 p. m.] [INFO ] - Finished Spring Data repository scanning in 66 ms. Found 3 JPA repository interfaces.
[29/01/2023 04:31:34 p. m.] [INFO ] - Tomcat initialized with port(s): 8084 (http)
[29/01/2023 04:31:34 p. m.] [INFO ] - Starting service [Tomcat]
[29/01/2023 04:31:34 p. m.] [INFO ] - Starting Servlet engine: [Apache Tomcat/10.1.1]
[29/01/2023 04:31:34 p. m.] [INFO ] - Initializing Spring embedded WebApplicationContext
[29/01/2023 04:31:34 p. m.] [INFO ] - Root WebApplicationContext: initialization completed in 2116 ms
[29/01/2023 04:31:35 p. m.] [INFO ] - HHH000204: Processing PersistenceUnitInfo [name: default]
[29/01/2023 04:31:35 p. m.] [INFO ] - HHH000412: Hibernate ORM core version 6.1.5.Final
[29/01/2023 04:31:35 p. m.] [WARN ] - HHH90000021: Encountered deprecated setting [javax.persistence.sharedCache.mode], use [jakarta.persistence.sharedCache.mode] instead
[29/01/2023 04:31:35 p. m.] [INFO ] - HikariPool-1 - Starting...
[29/01/2023 04:31:35 p. m.] [INFO ] - HikariPool-1 - Added connection com.mysql.cj.jdbc.ConnectionImpl@7b598d05
[29/01/2023 04:31:35 p. m.] [INFO ] - HikariPool-1 - Start completed.
[29/01/2023 04:31:35 p. m.] [INFO ] - HHH000400: Using dialect: org.hibernate.dialect.MySQLDialect
[29/01/2023 04:31:41 p. m.] [INFO ] - HHH000490: Using JtaPlatform implementation: [org.hibernate.engine.transaction.jta.platform.internal.NoJtaPlatform]
[29/01/2023 04:31:41 p. m.] [INFO ] - Initialized JPA EntityManagerFactory for persistence unit 'default'
[29/01/2023 04:31:41 p. m.] [WARN ] - spring.jpa.open-in-view is enabled by default. Therefore, database queries may be performed during view rendering. Explicitly configure spring.jpa.open-in-view to disable this warning
[29/01/2023 04:31:43 p. m.] [INFO ] - Will secure any request with [org.springframework.security.web.session.DisableEncodeUrlFilter@7d741200, org.springframework.security.web.context.request.async.WebAsyncManagerIntegrationFilter@36e11b60, org.springframework.security.web.context.SecurityContextHolderFilter@74cad577, org.springframework.security.web.header.HeaderWriterFilter@77262e71, org.springframework.security.web.authentication.logout.LogoutFilter@44b5b54, org.bedu.ods.Config.jwt.JwtTokenAuthenticationFilter@71d8794f, org.springframework.security.web.savedrequest.RequestCacheAwareFilter@2bbaf1bc, org.springframework.security.web.servletapi.SecurityContextHolderAwareRequestFilter@65852d05, org.springframework.security.web.authentication.AnonymousAuthenticationFilter@6af02de0, org.springframework.security.web.session.SessionManagementFilter@4c376b44, org.springframework.security.web.access.ExceptionTranslationFilter@4cc4f6bd, org.springframework.security.web.access.intercept.AuthorizationFilter@268f126f]
[29/01/2023 04:31:43 p. m.] [INFO ] - Tomcat started on port(s): 8084 (http) with context path ''
[29/01/2023 04:31:43 p. m.] [INFO ] - Started OdsApplication in 11.97 seconds (process running for 12.802)
[29/01/2023 04:32:04 p. m.] [INFO ] - Initializing Spring DispatcherServlet 'dispatcherServlet'
[29/01/2023 04:32:04 p. m.] [INFO ] - Initializing Servlet 'dispatcherServlet'
[29/01/2023 04:32:04 p. m.] [INFO ] - Completed initialization in 1 ms
[29/01/2023 04:32:04 p. m.] [INFO ] - Extracting token from HttpServletRequest: null
[29/01/2023 04:32:12 p. m.] [INFO ] - Extracting token from HttpServletRequest: eyJhbGciOiJIUzI1NiJ9.eyJzdWIiOiJqb3JnZS5yYW1vbkBiZWR1Lm9yZyIsInJvbGVzIjoiTUFOQUdFUiIsImlhdCI6MTY3NDk3NTA4NiwiZXhwIjoxNjc0OTc4Njg2fQ.QRDe6pjllm-YvL13PLWDOO5Z8doPvhTWo_sJOUR5NVY
[29/01/2023 04:32:12 p. m.] [ERROR] - Servlet.service() for servlet [dispatcherServlet] in context with path [] threw exception
io.jsonwebtoken.ExpiredJwtException: JWT expired at 2023-01-29T07:51:26Z. Current time: 2023-01-29T22:32:12Z, a difference of 52846711 milliseconds.  Allowed clock skew: 0 milliseconds.
	at io.jsonwebtoken.impl.DefaultJwtParser.parse(DefaultJwtParser.java:427)
	at io.jsonwebtoken.impl.DefaultJwtParser.parse(DefaultJwtParser.java:529)
	at io.jsonwebtoken.impl.DefaultJwtParser.parseClaimsJws(DefaultJwtParser.java:589)
	at io.jsonwebtoken.impl.ImmutableJwtParser.parseClaimsJws(ImmutableJwtParser.java:173)
	at org.bedu.ods.Config.jwt.JwtTokenProvider.validateToken(JwtTokenProvider.java:81)
	at org.bedu.ods.Config.jwt.JwtTokenAuthenticationFilter.doFilter(JwtTokenAuthenticationFilter.java:34)
	at org.springframework.security.web.FilterChainProxy$VirtualFilterChain.doFilter(FilterChainProxy.java:374)
	at org.springframework.security.web.authentication.logout.LogoutFilter.doFilter(LogoutFilter.java:107)
	at org.springframework.security.web.authentication.logout.LogoutFilter.doFilter(LogoutFilter.java:93)
	at org.springframework.security.web.FilterChainProxy$VirtualFilterChain.doFilter(FilterChainProxy.java:374)
	at org.springframework.security.web.header.HeaderWriterFilter.doHeadersAfter(HeaderWriterFilter.java:90)
	at org.springframework.security.web.header.HeaderWriterFilter.doFilterInternal(HeaderWriterFilter.java:75)
	at org.springframework.web.filter.OncePerRequestFilter.doFilter(OncePerRequestFilter.java:116)
	at org.springframework.security.web.FilterChainProxy$VirtualFilterChain.doFilter(FilterChainProxy.java:374)
	at org.springframework.security.web.context.SecurityContextHolderFilter.doFilter(SecurityContextHolderFilter.java:82)
	at org.springframework.security.web.context.SecurityContextHolderFilter.doFilter(SecurityContextHolderFilter.java:69)
	at org.springframework.security.web.FilterChainProxy$VirtualFilterChain.doFilter(FilterChainProxy.java:374)
	at org.springframework.security.web.context.request.async.WebAsyncManagerIntegrationFilter.doFilterInternal(WebAsyncManagerIntegrationFilter.java:62)
	at org.springframework.web.filter.OncePerRequestFilter.doFilter(OncePerRequestFilter.java:116)
	at org.springframework.security.web.FilterChainProxy$VirtualFilterChain.doFilter(FilterChainProxy.java:374)
	at org.springframework.security.web.session.DisableEncodeUrlFilter.doFilterInternal(DisableEncodeUrlFilter.java:42)
	at org.springframework.web.filter.OncePerRequestFilter.doFilter(OncePerRequestFilter.java:116)
	at org.springframework.security.web.FilterChainProxy$VirtualFilterChain.doFilter(FilterChainProxy.java:374)
	at org.springframework.security.web.FilterChainProxy.doFilterInternal(FilterChainProxy.java:233)
	at org.springframework.security.web.FilterChainProxy.doFilter(FilterChainProxy.java:191)
	at org.springframework.web.filter.DelegatingFilterProxy.invokeDelegate(DelegatingFilterProxy.java:351)
	at org.springframework.web.filter.DelegatingFilterProxy.doFilter(DelegatingFilterProxy.java:267)
	at org.apache.catalina.core.ApplicationFilterChain.internalDoFilter(ApplicationFilterChain.java:185)
	at org.apache.catalina.core.ApplicationFilterChain.doFilter(ApplicationFilterChain.java:158)
	at org.springframework.web.filter.RequestContextFilter.doFilterInternal(RequestContextFilter.java:100)
	at org.springframework.web.filter.OncePerRequestFilter.doFilter(OncePerRequestFilter.java:116)
	at org.apache.catalina.core.ApplicationFilterChain.internalDoFilter(ApplicationFilterChain.java:185)
	at org.apache.catalina.core.ApplicationFilterChain.doFilter(ApplicationFilterChain.java:158)
	at org.springframework.web.filter.FormContentFilter.doFilterInternal(FormContentFilter.java:93)
	at org.springframework.web.filter.OncePerRequestFilter.doFilter(OncePerRequestFilter.java:116)
	at org.apache.catalina.core.ApplicationFilterChain.internalDoFilter(ApplicationFilterChain.java:185)
	at org.apache.catalina.core.ApplicationFilterChain.doFilter(ApplicationFilterChain.java:158)
	at org.springframework.web.filter.CharacterEncodingFilter.doFilterInternal(CharacterEncodingFilter.java:201)
	at org.springframework.web.filter.OncePerRequestFilter.doFilter(OncePerRequestFilter.java:116)
	at org.apache.catalina.core.ApplicationFilterChain.internalDoFilter(ApplicationFilterChain.java:185)
	at org.apache.catalina.core.ApplicationFilterChain.doFilter(ApplicationFilterChain.java:158)
	at org.apache.catalina.core.StandardWrapperValve.invoke(StandardWrapperValve.java:197)
	at org.apache.catalina.core.StandardContextValve.invoke(StandardContextValve.java:97)
	at org.apache.catalina.authenticator.AuthenticatorBase.invoke(AuthenticatorBase.java:542)
	at org.apache.catalina.core.StandardHostValve.invoke(StandardHostValve.java:119)
	at org.apache.catalina.valves.ErrorReportValve.invoke(ErrorReportValve.java:92)
	at org.apache.catalina.core.StandardEngineValve.invoke(StandardEngineValve.java:78)
	at org.apache.catalina.connector.CoyoteAdapter.service(CoyoteAdapter.java:357)
	at org.apache.coyote.http11.Http11Processor.service(Http11Processor.java:400)
	at org.apache.coyote.AbstractProcessorLight.process(AbstractProcessorLight.java:65)
	at org.apache.coyote.AbstractProtocol$ConnectionHandler.process(AbstractProtocol.java:861)
	at org.apache.tomcat.util.net.NioEndpoint$SocketProcessor.doRun(NioEndpoint.java:1739)
	at org.apache.tomcat.util.net.SocketProcessorBase.run(SocketProcessorBase.java:52)
	at org.apache.tomcat.util.threads.ThreadPoolExecutor.runWorker(ThreadPoolExecutor.java:1191)
	at org.apache.tomcat.util.threads.ThreadPoolExecutor$Worker.run(ThreadPoolExecutor.java:659)
	at org.apache.tomcat.util.threads.TaskThread$WrappingRunnable.run(TaskThread.java:61)
	at java.base/java.lang.Thread.run(Thread.java:833)
[29/01/2023 04:32:12 p. m.] [INFO ] - Extracting token from HttpServletRequest: eyJhbGciOiJIUzI1NiJ9.eyJzdWIiOiJqb3JnZS5yYW1vbkBiZWR1Lm9yZyIsInJvbGVzIjoiTUFOQUdFUiIsImlhdCI6MTY3NDk3NTA4NiwiZXhwIjoxNjc0OTc4Njg2fQ.QRDe6pjllm-YvL13PLWDOO5Z8doPvhTWo_sJOUR5NVY
[29/01/2023 04:32:12 p. m.] [ERROR] - Servlet.service() for servlet [dispatcherServlet] threw exception
io.jsonwebtoken.ExpiredJwtException: JWT expired at 2023-01-29T07:51:26Z. Current time: 2023-01-29T22:32:12Z, a difference of 52846721 milliseconds.  Allowed clock skew: 0 milliseconds.
	at io.jsonwebtoken.impl.DefaultJwtParser.parse(DefaultJwtParser.java:427)
	at io.jsonwebtoken.impl.DefaultJwtParser.parse(DefaultJwtParser.java:529)
	at io.jsonwebtoken.impl.DefaultJwtParser.parseClaimsJws(DefaultJwtParser.java:589)
	at io.jsonwebtoken.impl.ImmutableJwtParser.parseClaimsJws(ImmutableJwtParser.java:173)
	at org.bedu.ods.Config.jwt.JwtTokenProvider.validateToken(JwtTokenProvider.java:81)
	at org.bedu.ods.Config.jwt.JwtTokenAuthenticationFilter.doFilter(JwtTokenAuthenticationFilter.java:34)
	at org.springframework.security.web.FilterChainProxy$VirtualFilterChain.doFilter(FilterChainProxy.java:374)
	at org.springframework.security.web.authentication.logout.LogoutFilter.doFilter(LogoutFilter.java:107)
	at org.springframework.security.web.authentication.logout.LogoutFilter.doFilter(LogoutFilter.java:93)
	at org.springframework.security.web.FilterChainProxy$VirtualFilterChain.doFilter(FilterChainProxy.java:374)
	at org.springframework.web.filter.OncePerRequestFilter.doFilter(OncePerRequestFilter.java:101)
	at org.springframework.security.web.FilterChainProxy$VirtualFilterChain.doFilter(FilterChainProxy.java:374)
	at org.springframework.security.web.context.SecurityContextHolderFilter.doFilter(SecurityContextHolderFilter.java:82)
	at org.springframework.security.web.context.SecurityContextHolderFilter.doFilter(SecurityContextHolderFilter.java:69)
	at org.springframework.security.web.FilterChainProxy$VirtualFilterChain.doFilter(FilterChainProxy.java:374)
	at org.springframework.web.filter.OncePerRequestFilter.doFilter(OncePerRequestFilter.java:101)
	at org.springframework.security.web.FilterChainProxy$VirtualFilterChain.doFilter(FilterChainProxy.java:374)
	at org.springframework.web.filter.OncePerRequestFilter.doFilter(OncePerRequestFilter.java:101)
	at org.springframework.security.web.FilterChainProxy$VirtualFilterChain.doFilter(FilterChainProxy.java:374)
	at org.springframework.security.web.FilterChainProxy.doFilterInternal(FilterChainProxy.java:233)
	at org.springframework.security.web.FilterChainProxy.doFilter(FilterChainProxy.java:191)
	at org.springframework.web.filter.DelegatingFilterProxy.invokeDelegate(DelegatingFilterProxy.java:351)
	at org.springframework.web.filter.DelegatingFilterProxy.doFilter(DelegatingFilterProxy.java:267)
	at org.apache.catalina.core.ApplicationFilterChain.internalDoFilter(ApplicationFilterChain.java:185)
	at org.apache.catalina.core.ApplicationFilterChain.doFilter(ApplicationFilterChain.java:158)
	at org.springframework.web.filter.RequestContextFilter.doFilterInternal(RequestContextFilter.java:100)
	at org.springframework.web.filter.OncePerRequestFilter.doFilter(OncePerRequestFilter.java:116)
	at org.apache.catalina.core.ApplicationFilterChain.internalDoFilter(ApplicationFilterChain.java:185)
	at org.apache.catalina.core.ApplicationFilterChain.doFilter(ApplicationFilterChain.java:158)
	at org.springframework.web.filter.OncePerRequestFilter.doFilter(OncePerRequestFilter.java:101)
	at org.apache.catalina.core.ApplicationFilterChain.internalDoFilter(ApplicationFilterChain.java:185)
	at org.apache.catalina.core.ApplicationFilterChain.doFilter(ApplicationFilterChain.java:158)
	at org.springframework.web.filter.OncePerRequestFilter.doFilter(OncePerRequestFilter.java:101)
	at org.apache.catalina.core.ApplicationFilterChain.internalDoFilter(ApplicationFilterChain.java:185)
	at org.apache.catalina.core.ApplicationFilterChain.doFilter(ApplicationFilterChain.java:158)
	at org.apache.catalina.core.ApplicationDispatcher.invoke(ApplicationDispatcher.java:691)
	at org.apache.catalina.core.ApplicationDispatcher.processRequest(ApplicationDispatcher.java:443)
	at org.apache.catalina.core.ApplicationDispatcher.doForward(ApplicationDispatcher.java:367)
	at org.apache.catalina.core.ApplicationDispatcher.forward(ApplicationDispatcher.java:295)
	at org.apache.catalina.core.StandardHostValve.custom(StandardHostValve.java:387)
	at org.apache.catalina.core.StandardHostValve.status(StandardHostValve.java:233)
	at org.apache.catalina.core.StandardHostValve.throwable(StandardHostValve.java:328)
	at org.apache.catalina.core.StandardHostValve.invoke(StandardHostValve.java:153)
	at org.apache.catalina.valves.ErrorReportValve.invoke(ErrorReportValve.java:92)
	at org.apache.catalina.core.StandardEngineValve.invoke(StandardEngineValve.java:78)
	at org.apache.catalina.connector.CoyoteAdapter.service(CoyoteAdapter.java:357)
	at org.apache.coyote.http11.Http11Processor.service(Http11Processor.java:400)
	at org.apache.coyote.AbstractProcessorLight.process(AbstractProcessorLight.java:65)
	at org.apache.coyote.AbstractProtocol$ConnectionHandler.process(AbstractProtocol.java:861)
	at org.apache.tomcat.util.net.NioEndpoint$SocketProcessor.doRun(NioEndpoint.java:1739)
	at org.apache.tomcat.util.net.SocketProcessorBase.run(SocketProcessorBase.java:52)
	at org.apache.tomcat.util.threads.ThreadPoolExecutor.runWorker(ThreadPoolExecutor.java:1191)
	at org.apache.tomcat.util.threads.ThreadPoolExecutor$Worker.run(ThreadPoolExecutor.java:659)
	at org.apache.tomcat.util.threads.TaskThread$WrappingRunnable.run(TaskThread.java:61)
	at java.base/java.lang.Thread.run(Thread.java:833)
[29/01/2023 04:32:12 p. m.] [ERROR] - Exception Processing ErrorPage[errorCode=0, location=/error]
io.jsonwebtoken.ExpiredJwtException: JWT expired at 2023-01-29T07:51:26Z. Current time: 2023-01-29T22:32:12Z, a difference of 52846721 milliseconds.  Allowed clock skew: 0 milliseconds.
	at io.jsonwebtoken.impl.DefaultJwtParser.parse(DefaultJwtParser.java:427)
	at io.jsonwebtoken.impl.DefaultJwtParser.parse(DefaultJwtParser.java:529)
	at io.jsonwebtoken.impl.DefaultJwtParser.parseClaimsJws(DefaultJwtParser.java:589)
	at io.jsonwebtoken.impl.ImmutableJwtParser.parseClaimsJws(ImmutableJwtParser.java:173)
	at org.bedu.ods.Config.jwt.JwtTokenProvider.validateToken(JwtTokenProvider.java:81)
	at org.bedu.ods.Config.jwt.JwtTokenAuthenticationFilter.doFilter(JwtTokenAuthenticationFilter.java:34)
	at org.springframework.security.web.FilterChainProxy$VirtualFilterChain.doFilter(FilterChainProxy.java:374)
	at org.springframework.security.web.authentication.logout.LogoutFilter.doFilter(LogoutFilter.java:107)
	at org.springframework.security.web.authentication.logout.LogoutFilter.doFilter(LogoutFilter.java:93)
	at org.springframework.security.web.FilterChainProxy$VirtualFilterChain.doFilter(FilterChainProxy.java:374)
	at org.springframework.web.filter.OncePerRequestFilter.doFilter(OncePerRequestFilter.java:101)
	at org.springframework.security.web.FilterChainProxy$VirtualFilterChain.doFilter(FilterChainProxy.java:374)
	at org.springframework.security.web.context.SecurityContextHolderFilter.doFilter(SecurityContextHolderFilter.java:82)
	at org.springframework.security.web.context.SecurityContextHolderFilter.doFilter(SecurityContextHolderFilter.java:69)
	at org.springframework.security.web.FilterChainProxy$VirtualFilterChain.doFilter(FilterChainProxy.java:374)
	at org.springframework.web.filter.OncePerRequestFilter.doFilter(OncePerRequestFilter.java:101)
	at org.springframework.security.web.FilterChainProxy$VirtualFilterChain.doFilter(FilterChainProxy.java:374)
	at org.springframework.web.filter.OncePerRequestFilter.doFilter(OncePerRequestFilter.java:101)
	at org.springframework.security.web.FilterChainProxy$VirtualFilterChain.doFilter(FilterChainProxy.java:374)
	at org.springframework.security.web.FilterChainProxy.doFilterInternal(FilterChainProxy.java:233)
	at org.springframework.security.web.FilterChainProxy.doFilter(FilterChainProxy.java:191)
	at org.springframework.web.filter.DelegatingFilterProxy.invokeDelegate(DelegatingFilterProxy.java:351)
	at org.springframework.web.filter.DelegatingFilterProxy.doFilter(DelegatingFilterProxy.java:267)
	at org.apache.catalina.core.ApplicationFilterChain.internalDoFilter(ApplicationFilterChain.java:185)
	at org.apache.catalina.core.ApplicationFilterChain.doFilter(ApplicationFilterChain.java:158)
	at org.springframework.web.filter.RequestContextFilter.doFilterInternal(RequestContextFilter.java:100)
	at org.springframework.web.filter.OncePerRequestFilter.doFilter(OncePerRequestFilter.java:116)
	at org.apache.catalina.core.ApplicationFilterChain.internalDoFilter(ApplicationFilterChain.java:185)
	at org.apache.catalina.core.ApplicationFilterChain.doFilter(ApplicationFilterChain.java:158)
	at org.springframework.web.filter.OncePerRequestFilter.doFilter(OncePerRequestFilter.java:101)
	at org.apache.catalina.core.ApplicationFilterChain.internalDoFilter(ApplicationFilterChain.java:185)
	at org.apache.catalina.core.ApplicationFilterChain.doFilter(ApplicationFilterChain.java:158)
	at org.springframework.web.filter.OncePerRequestFilter.doFilter(OncePerRequestFilter.java:101)
	at org.apache.catalina.core.ApplicationFilterChain.internalDoFilter(ApplicationFilterChain.java:185)
	at org.apache.catalina.core.ApplicationFilterChain.doFilter(ApplicationFilterChain.java:158)
	at org.apache.catalina.core.ApplicationDispatcher.invoke(ApplicationDispatcher.java:691)
	at org.apache.catalina.core.ApplicationDispatcher.processRequest(ApplicationDispatcher.java:443)
	at org.apache.catalina.core.ApplicationDispatcher.doForward(ApplicationDispatcher.java:367)
	at org.apache.catalina.core.ApplicationDispatcher.forward(ApplicationDispatcher.java:295)
	at org.apache.catalina.core.StandardHostValve.custom(StandardHostValve.java:387)
	at org.apache.catalina.core.StandardHostValve.status(StandardHostValve.java:233)
	at org.apache.catalina.core.StandardHostValve.throwable(StandardHostValve.java:328)
	at org.apache.catalina.core.StandardHostValve.invoke(StandardHostValve.java:153)
	at org.apache.catalina.valves.ErrorReportValve.invoke(ErrorReportValve.java:92)
	at org.apache.catalina.core.StandardEngineValve.invoke(StandardEngineValve.java:78)
	at org.apache.catalina.connector.CoyoteAdapter.service(CoyoteAdapter.java:357)
	at org.apache.coyote.http11.Http11Processor.service(Http11Processor.java:400)
	at org.apache.coyote.AbstractProcessorLight.process(AbstractProcessorLight.java:65)
	at org.apache.coyote.AbstractProtocol$ConnectionHandler.process(AbstractProtocol.java:861)
	at org.apache.tomcat.util.net.NioEndpoint$SocketProcessor.doRun(NioEndpoint.java:1739)
	at org.apache.tomcat.util.net.SocketProcessorBase.run(SocketProcessorBase.java:52)
	at org.apache.tomcat.util.threads.ThreadPoolExecutor.runWorker(ThreadPoolExecutor.java:1191)
	at org.apache.tomcat.util.threads.ThreadPoolExecutor$Worker.run(ThreadPoolExecutor.java:659)
	at org.apache.tomcat.util.threads.TaskThread$WrappingRunnable.run(TaskThread.java:61)
	at java.base/java.lang.Thread.run(Thread.java:833)
[29/01/2023 04:32:42 p. m.] [INFO ] - Extracting token from HttpServletRequest: null
[29/01/2023 04:32:54 p. m.] [INFO ] - Extracting token from HttpServletRequest: eyJhbGciOiJIUzI1NiJ9.eyJzdWIiOiJqb3JnZS5yYW1vbkBiZWR1Lm9yZyIsInJvbGVzIjoiTUFOQUdFUiIsImlhdCI6MTY3NTAzMTU2MiwiZXhwIjoxNjc1MDM1MTYyfQ.jKQ_3sgpOC9_ZqW7t0MgflDFdksrJUkrmtMdt67jAig
[29/01/2023 04:32:54 p. m.] [INFO ] - expiration date: Sun Jan 29 17:32:42 CST 2023
[29/01/2023 04:33:14 p. m.] [INFO ] - Extracting token from HttpServletRequest: eyJhbGciOiJIUzI1NiJ9.eyJzdWIiOiJqb3JnZS5yYW1vbkBiZWR1Lm9yZyIsInJvbGVzIjoiTUFOQUdFUiIsImlhdCI6MTY3NTAzMTU2MiwiZXhwIjoxNjc1MDM1MTYyfQ.jKQ_3sgpOC9_ZqW7t0MgflDFdksrJUkrmtMdt67jAig
[29/01/2023 04:33:14 p. m.] [INFO ] - expiration date: Sun Jan 29 17:32:42 CST 2023
[29/01/2023 04:33:28 p. m.] [INFO ] - Closing JPA EntityManagerFactory for persistence unit 'default'
[29/01/2023 04:33:28 p. m.] [INFO ] - HikariPool-1 - Shutdown initiated...
[29/01/2023 04:33:28 p. m.] [INFO ] - HikariPool-1 - Shutdown completed.
[29/01/2023 04:34:48 p. m.] [INFO ] - Starting OdsApplication using Java 18 with PID 4292 (E:\BEDU\ODS\target\classes started by Gabo in E:\BEDU\ODS)
[29/01/2023 04:34:48 p. m.] [INFO ] - No active profile set, falling back to 1 default profile: "default"
[29/01/2023 04:34:49 p. m.] [INFO ] - Bootstrapping Spring Data JPA repositories in DEFAULT mode.
[29/01/2023 04:34:49 p. m.] [INFO ] - Finished Spring Data repository scanning in 67 ms. Found 3 JPA repository interfaces.
[29/01/2023 04:34:50 p. m.] [INFO ] - Tomcat initialized with port(s): 8084 (http)
[29/01/2023 04:34:50 p. m.] [INFO ] - Starting service [Tomcat]
[29/01/2023 04:34:50 p. m.] [INFO ] - Starting Servlet engine: [Apache Tomcat/10.1.1]
[29/01/2023 04:34:50 p. m.] [INFO ] - Initializing Spring embedded WebApplicationContext
[29/01/2023 04:34:50 p. m.] [INFO ] - Root WebApplicationContext: initialization completed in 1667 ms
[29/01/2023 04:34:50 p. m.] [INFO ] - HHH000204: Processing PersistenceUnitInfo [name: default]
[29/01/2023 04:34:50 p. m.] [INFO ] - HHH000412: Hibernate ORM core version 6.1.5.Final
[29/01/2023 04:34:51 p. m.] [WARN ] - HHH90000021: Encountered deprecated setting [javax.persistence.sharedCache.mode], use [jakarta.persistence.sharedCache.mode] instead
[29/01/2023 04:34:51 p. m.] [INFO ] - HikariPool-1 - Starting...
[29/01/2023 04:34:51 p. m.] [INFO ] - HikariPool-1 - Added connection com.mysql.cj.jdbc.ConnectionImpl@b32e983
[29/01/2023 04:34:51 p. m.] [INFO ] - HikariPool-1 - Start completed.
[29/01/2023 04:34:51 p. m.] [INFO ] - HHH000400: Using dialect: org.hibernate.dialect.MySQLDialect
[29/01/2023 04:34:52 p. m.] [INFO ] - HHH000490: Using JtaPlatform implementation: [org.hibernate.engine.transaction.jta.platform.internal.NoJtaPlatform]
[29/01/2023 04:34:52 p. m.] [INFO ] - Initialized JPA EntityManagerFactory for persistence unit 'default'
[29/01/2023 04:34:52 p. m.] [WARN ] - spring.jpa.open-in-view is enabled by default. Therefore, database queries may be performed during view rendering. Explicitly configure spring.jpa.open-in-view to disable this warning
[29/01/2023 04:34:53 p. m.] [INFO ] - Will secure any request with [org.springframework.security.web.session.DisableEncodeUrlFilter@3ac76ad9, org.springframework.security.web.context.request.async.WebAsyncManagerIntegrationFilter@213c812a, org.springframework.security.web.context.SecurityContextHolderFilter@7f33ad20, org.springframework.security.web.header.HeaderWriterFilter@6f2b608e, org.springframework.security.web.authentication.logout.LogoutFilter@a4e1ca7, org.bedu.ods.Config.jwt.JwtTokenAuthenticationFilter@25814d3c, org.springframework.security.web.savedrequest.RequestCacheAwareFilter@3f473daf, org.springframework.security.web.servletapi.SecurityContextHolderAwareRequestFilter@390e814c, org.springframework.security.web.authentication.AnonymousAuthenticationFilter@436103b1, org.springframework.security.web.session.SessionManagementFilter@2ae0eb98, org.springframework.security.web.access.ExceptionTranslationFilter@59043128, org.springframework.security.web.access.intercept.AuthorizationFilter@2b30b25f]
[29/01/2023 04:34:54 p. m.] [INFO ] - Tomcat started on port(s): 8084 (http) with context path ''
[29/01/2023 04:34:54 p. m.] [INFO ] - Started OdsApplication in 6.016 seconds (process running for 6.59)
[29/01/2023 04:35:21 p. m.] [INFO ] - Initializing Spring DispatcherServlet 'dispatcherServlet'
[29/01/2023 04:35:21 p. m.] [INFO ] - Initializing Servlet 'dispatcherServlet'
[29/01/2023 04:35:21 p. m.] [INFO ] - Completed initialization in 7 ms
[29/01/2023 04:35:21 p. m.] [INFO ] - Extracting token from HttpServletRequest: eyJhbGciOiJIUzI1NiJ9.eyJzdWIiOiJqb3JnZS5yYW1vbkBiZWR1Lm9yZyIsInJvbGVzIjoiTUFOQUdFUiIsImlhdCI6MTY3NTAzMTU2MiwiZXhwIjoxNjc1MDM1MTYyfQ.jKQ_3sgpOC9_ZqW7t0MgflDFdksrJUkrmtMdt67jAig
[29/01/2023 04:35:21 p. m.] [INFO ] - expiration date: Sun Jan 29 17:32:42 CST 2023
[29/01/2023 04:35:49 p. m.] [INFO ] - Extracting token from HttpServletRequest: null
[29/01/2023 04:36:04 p. m.] [INFO ] - Extracting token from HttpServletRequest: eyJhbGciOiJIUzI1NiJ9.eyJzdWIiOiJqb3JnZS5yYW1vbkBiZWR1Lm9yZyIsInJvbGVzIjoiQURNSU4iLCJpYXQiOjE2NzUwMzE3NDksImV4cCI6MTY3NTAzNTM0OX0.9OaTq1stNKdHHnHtTiPRebjSXQSce3S4nS3luUX4Q0s
[29/01/2023 04:36:04 p. m.] [INFO ] - expiration date: Sun Jan 29 17:35:49 CST 2023
[29/01/2023 04:36:24 p. m.] [INFO ] - Extracting token from HttpServletRequest: null
[29/01/2023 04:36:57 p. m.] [INFO ] - Extracting token from HttpServletRequest: eyJhbGciOiJIUzI1NiJ9.eyJzdWIiOiJqb3JnZS5yYW1vbkBiZWR1Lm9yZyIsInJvbGVzIjoiQURNSU4iLCJpYXQiOjE2NzUwMzE3NDksImV4cCI6MTY3NTAzNTM0OX0.9OaTq1stNKdHHnHtTiPRebjSXQSce3S4nS3luUX4Q0s
[29/01/2023 04:36:57 p. m.] [INFO ] - expiration date: Sun Jan 29 17:35:49 CST 2023
[29/01/2023 04:36:57 p. m.] [INFO ] - USERNAME: jorge.ramon@bedu.org 
[29/01/2023 04:36:57 p. m.] [INFO ] - ROLES: ADMIN
[29/01/2023 04:37:24 p. m.] [INFO ] - Extracting token from HttpServletRequest: eyJhbGciOiJIUzI1NiJ9.eyJzdWIiOiJqb3JnZS5yYW1vbkBiZWR1Lm9yZyIsInJvbGVzIjoiQURNSU4iLCJpYXQiOjE2NzUwMzE3NDksImV4cCI6MTY3NTAzNTM0OX0.9OaTq1stNKdHHnHtTiPRebjSXQSce3S4nS3luUX4Q0s
[29/01/2023 04:37:24 p. m.] [INFO ] - expiration date: Sun Jan 29 17:35:49 CST 2023
[29/01/2023 04:37:48 p. m.] [INFO ] - Extracting token from HttpServletRequest: eyJhbGciOiJIUzI1NiJ9.eyJzdWIiOiJqb3JnZS5yYW1vbkBiZWR1Lm9yZyIsInJvbGVzIjoiQURNSU4iLCJpYXQiOjE2NzUwMzE3NDksImV4cCI6MTY3NTAzNTM0OX0.9OaTq1stNKdHHnHtTiPRebjSXQSce3S4nS3luUX4Q0s
[29/01/2023 04:37:48 p. m.] [INFO ] - expiration date: Sun Jan 29 17:35:49 CST 2023
[29/01/2023 04:38:03 p. m.] [INFO ] - Extracting token from HttpServletRequest: eyJhbGciOiJIUzI1NiJ9.eyJzdWIiOiJqb3JnZS5yYW1vbkBiZWR1Lm9yZyIsInJvbGVzIjoiQURNSU4iLCJpYXQiOjE2NzUwMzE3NDksImV4cCI6MTY3NTAzNTM0OX0.9OaTq1stNKdHHnHtTiPRebjSXQSce3S4nS3luUX4Q0s
[29/01/2023 04:38:03 p. m.] [INFO ] - expiration date: Sun Jan 29 17:35:49 CST 2023
[29/01/2023 04:38:03 p. m.] [INFO ] - USERNAME: jorge.ramon@bedu.org 
[29/01/2023 04:38:03 p. m.] [INFO ] - ROLES: ADMIN
[29/01/2023 04:38:32 p. m.] [INFO ] - Extracting token from HttpServletRequest: eyJhbGciOiJIUzI1NiJ9.eyJzdWIiOiJqb3JnZS5yYW1vbkBiZWR1Lm9yZyIsInJvbGVzIjoiQURNSU4iLCJpYXQiOjE2NzUwMzE3NDksImV4cCI6MTY3NTAzNTM0OX0.9OaTq1stNKdHHnHtTiPRebjSXQSce3S4nS3luUX4Q0s
[29/01/2023 04:38:32 p. m.] [INFO ] - expiration date: Sun Jan 29 17:35:49 CST 2023
[29/01/2023 04:38:42 p. m.] [INFO ] - Closing JPA EntityManagerFactory for persistence unit 'default'
[29/01/2023 04:38:42 p. m.] [INFO ] - HikariPool-1 - Shutdown initiated...
[29/01/2023 04:38:42 p. m.] [INFO ] - HikariPool-1 - Shutdown completed.
[29/01/2023 04:39:05 p. m.] [INFO ] - Starting OdsApplication using Java 18 with PID 9268 (E:\BEDU\ODS\target\classes started by Gabo in E:\BEDU\ODS)
[29/01/2023 04:39:05 p. m.] [INFO ] - No active profile set, falling back to 1 default profile: "default"
[29/01/2023 04:39:06 p. m.] [INFO ] - Bootstrapping Spring Data JPA repositories in DEFAULT mode.
[29/01/2023 04:39:06 p. m.] [INFO ] - Finished Spring Data repository scanning in 70 ms. Found 3 JPA repository interfaces.
[29/01/2023 04:39:07 p. m.] [INFO ] - Tomcat initialized with port(s): 8084 (http)
[29/01/2023 04:39:07 p. m.] [INFO ] - Starting service [Tomcat]
[29/01/2023 04:39:07 p. m.] [INFO ] - Starting Servlet engine: [Apache Tomcat/10.1.1]
[29/01/2023 04:39:07 p. m.] [INFO ] - Initializing Spring embedded WebApplicationContext
[29/01/2023 04:39:07 p. m.] [INFO ] - Root WebApplicationContext: initialization completed in 1771 ms
[29/01/2023 04:39:07 p. m.] [INFO ] - HHH000204: Processing PersistenceUnitInfo [name: default]
[29/01/2023 04:39:07 p. m.] [INFO ] - HHH000412: Hibernate ORM core version 6.1.5.Final
[29/01/2023 04:39:07 p. m.] [WARN ] - HHH90000021: Encountered deprecated setting [javax.persistence.sharedCache.mode], use [jakarta.persistence.sharedCache.mode] instead
[29/01/2023 04:39:07 p. m.] [INFO ] - HikariPool-1 - Starting...
[29/01/2023 04:39:08 p. m.] [INFO ] - HikariPool-1 - Added connection com.mysql.cj.jdbc.ConnectionImpl@6cc8da1c
[29/01/2023 04:39:08 p. m.] [INFO ] - HikariPool-1 - Start completed.
[29/01/2023 04:39:08 p. m.] [INFO ] - HHH000400: Using dialect: org.hibernate.dialect.MySQLDialect
[29/01/2023 04:39:09 p. m.] [INFO ] - HHH000490: Using JtaPlatform implementation: [org.hibernate.engine.transaction.jta.platform.internal.NoJtaPlatform]
[29/01/2023 04:39:09 p. m.] [INFO ] - Initialized JPA EntityManagerFactory for persistence unit 'default'
[29/01/2023 04:39:09 p. m.] [WARN ] - spring.jpa.open-in-view is enabled by default. Therefore, database queries may be performed during view rendering. Explicitly configure spring.jpa.open-in-view to disable this warning
[29/01/2023 04:39:10 p. m.] [INFO ] - Will secure any request with [org.springframework.security.web.session.DisableEncodeUrlFilter@f3c27e9, org.springframework.security.web.context.request.async.WebAsyncManagerIntegrationFilter@1fd4850b, org.springframework.security.web.context.SecurityContextHolderFilter@3c4231e5, org.springframework.security.web.header.HeaderWriterFilter@659565ed, org.springframework.security.web.authentication.logout.LogoutFilter@1bb3e150, org.bedu.ods.Config.jwt.JwtTokenAuthenticationFilter@1db9d253, org.springframework.security.web.savedrequest.RequestCacheAwareFilter@72e4ffa2, org.springframework.security.web.servletapi.SecurityContextHolderAwareRequestFilter@34dda1b4, org.springframework.security.web.authentication.AnonymousAuthenticationFilter@6f5f892c, org.springframework.security.web.session.SessionManagementFilter@44b82007, org.springframework.security.web.access.ExceptionTranslationFilter@711261c7, org.springframework.security.web.access.intercept.AuthorizationFilter@701c413]
[29/01/2023 04:39:11 p. m.] [INFO ] - Tomcat started on port(s): 8084 (http) with context path ''
[29/01/2023 04:39:11 p. m.] [INFO ] - Started OdsApplication in 6.245 seconds (process running for 6.944)
[29/01/2023 04:39:16 p. m.] [INFO ] - Initializing Spring DispatcherServlet 'dispatcherServlet'
[29/01/2023 04:39:16 p. m.] [INFO ] - Initializing Servlet 'dispatcherServlet'
[29/01/2023 04:39:16 p. m.] [INFO ] - Completed initialization in 2 ms
[29/01/2023 04:39:16 p. m.] [INFO ] - Extracting token from HttpServletRequest: null
[29/01/2023 04:39:32 p. m.] [INFO ] - Extracting token from HttpServletRequest: eyJhbGciOiJIUzI1NiJ9.eyJzdWIiOiJqb3JnZS5yYW1vbkBiZWR1Lm9yZyIsInJvbGVzIjoiQURNSU4iLCJpYXQiOjE2NzUwMzE5NTYsImV4cCI6MTY3NTAzNTU1Nn0.OyCddG7BZAwk6PqNLNDESsEQkWPpp9lRdAkJ_KTDUL4
[29/01/2023 04:39:32 p. m.] [INFO ] - expiration date: Sun Jan 29 17:39:16 CST 2023
[29/01/2023 04:39:47 p. m.] [INFO ] - Closing JPA EntityManagerFactory for persistence unit 'default'
[29/01/2023 04:39:47 p. m.] [INFO ] - HikariPool-1 - Shutdown initiated...
[29/01/2023 04:39:47 p. m.] [INFO ] - HikariPool-1 - Shutdown completed.
[29/01/2023 04:44:09 p. m.] [INFO ] - Starting AuthenticationTests using Java 18 with PID 14808 (started by Gabo in E:\BEDU\ODS)
[29/01/2023 04:44:09 p. m.] [INFO ] - No active profile set, falling back to 1 default profile: "default"
[29/01/2023 04:44:10 p. m.] [INFO ] - Bootstrapping Spring Data JPA repositories in DEFAULT mode.
[29/01/2023 04:44:10 p. m.] [INFO ] - Finished Spring Data repository scanning in 80 ms. Found 3 JPA repository interfaces.
[29/01/2023 04:44:12 p. m.] [INFO ] - Tomcat initialized with port(s): 0 (http)
[29/01/2023 04:44:12 p. m.] [INFO ] - Starting service [Tomcat]
[29/01/2023 04:44:12 p. m.] [INFO ] - Starting Servlet engine: [Apache Tomcat/10.1.1]
[29/01/2023 04:44:12 p. m.] [INFO ] - Initializing Spring embedded WebApplicationContext
[29/01/2023 04:44:12 p. m.] [INFO ] - Root WebApplicationContext: initialization completed in 2578 ms
[29/01/2023 04:44:12 p. m.] [INFO ] - HHH000204: Processing PersistenceUnitInfo [name: default]
[29/01/2023 04:44:12 p. m.] [INFO ] - HHH000412: Hibernate ORM core version 6.1.5.Final
[29/01/2023 04:44:12 p. m.] [WARN ] - HHH90000021: Encountered deprecated setting [javax.persistence.sharedCache.mode], use [jakarta.persistence.sharedCache.mode] instead
[29/01/2023 04:44:12 p. m.] [INFO ] - HikariPool-1 - Starting...
[29/01/2023 04:44:13 p. m.] [INFO ] - HikariPool-1 - Added connection com.mysql.cj.jdbc.ConnectionImpl@4c0bfe9e
[29/01/2023 04:44:13 p. m.] [INFO ] - HikariPool-1 - Start completed.
[29/01/2023 04:44:13 p. m.] [INFO ] - HHH000400: Using dialect: org.hibernate.dialect.MySQLDialect
[29/01/2023 04:44:14 p. m.] [INFO ] - HHH000490: Using JtaPlatform implementation: [org.hibernate.engine.transaction.jta.platform.internal.NoJtaPlatform]
[29/01/2023 04:44:14 p. m.] [INFO ] - Initialized JPA EntityManagerFactory for persistence unit 'default'
[29/01/2023 04:44:15 p. m.] [WARN ] - spring.jpa.open-in-view is enabled by default. Therefore, database queries may be performed during view rendering. Explicitly configure spring.jpa.open-in-view to disable this warning
[29/01/2023 04:44:17 p. m.] [INFO ] - Will secure any request with [org.springframework.security.web.session.DisableEncodeUrlFilter@67fdc1e9, org.springframework.security.web.context.request.async.WebAsyncManagerIntegrationFilter@33a38f07, org.springframework.security.web.context.SecurityContextHolderFilter@6da76bb1, org.springframework.security.web.header.HeaderWriterFilter@2d492d46, org.springframework.security.web.authentication.logout.LogoutFilter@4f9a8d71, org.bedu.ods.Config.jwt.JwtTokenAuthenticationFilter@4e7bf371, org.springframework.security.web.savedrequest.RequestCacheAwareFilter@d012e18, org.springframework.security.web.servletapi.SecurityContextHolderAwareRequestFilter@7b13ae73, org.springframework.security.web.authentication.AnonymousAuthenticationFilter@5fe08, org.springframework.security.web.session.SessionManagementFilter@65448932, org.springframework.security.web.access.ExceptionTranslationFilter@34c3e307, org.springframework.security.web.access.intercept.AuthorizationFilter@348c00d9]
[29/01/2023 04:44:18 p. m.] [INFO ] - Initializing Spring TestDispatcherServlet ''
[29/01/2023 04:44:18 p. m.] [INFO ] - Initializing Servlet ''
[29/01/2023 04:44:18 p. m.] [INFO ] - Completed initialization in 2 ms
[29/01/2023 04:44:18 p. m.] [INFO ] - Tomcat started on port(s): 56102 (http) with context path ''
[29/01/2023 04:44:18 p. m.] [INFO ] - Started AuthenticationTests in 9.215 seconds (process running for 11.641)
[29/01/2023 04:44:18 p. m.] [INFO ] - Initializing Spring TestDispatcherServlet ''
[29/01/2023 04:44:18 p. m.] [INFO ] - Initializing Servlet ''
[29/01/2023 04:44:18 p. m.] [INFO ] - Completed initialization in 1 ms
[29/01/2023 04:44:19 p. m.] [INFO ] - Initializing Spring DispatcherServlet 'dispatcherServlet'
[29/01/2023 04:44:19 p. m.] [INFO ] - Initializing Servlet 'dispatcherServlet'
[29/01/2023 04:44:19 p. m.] [INFO ] - Completed initialization in 0 ms
[29/01/2023 04:44:19 p. m.] [INFO ] - Extracting token from HttpServletRequest: null
[29/01/2023 04:44:20 p. m.] [INFO ] - USERNAME: gabriel.silva@bedu.org 
[29/01/2023 04:44:20 p. m.] [INFO ] - ROLES: ROLE_USER
[29/01/2023 04:44:20 p. m.] [INFO ] - Closing JPA EntityManagerFactory for persistence unit 'default'
[29/01/2023 04:44:20 p. m.] [INFO ] - HikariPool-1 - Shutdown initiated...
[29/01/2023 04:44:20 p. m.] [INFO ] - HikariPool-1 - Shutdown completed.
[29/01/2023 04:44:46 p. m.] [INFO ] - Starting AuthenticationTest using Java 18 with PID 8768 (started by Gabo in E:\BEDU\ODS)
[29/01/2023 04:44:46 p. m.] [INFO ] - No active profile set, falling back to 1 default profile: "default"
[29/01/2023 04:44:47 p. m.] [INFO ] - Bootstrapping Spring Data JPA repositories in DEFAULT mode.
[29/01/2023 04:44:48 p. m.] [INFO ] - Finished Spring Data repository scanning in 69 ms. Found 3 JPA repository interfaces.
[29/01/2023 04:44:49 p. m.] [INFO ] - Tomcat initialized with port(s): 0 (http)
[29/01/2023 04:44:49 p. m.] [INFO ] - Starting service [Tomcat]
[29/01/2023 04:44:49 p. m.] [INFO ] - Starting Servlet engine: [Apache Tomcat/10.1.1]
[29/01/2023 04:44:49 p. m.] [INFO ] - Initializing Spring embedded WebApplicationContext
[29/01/2023 04:44:49 p. m.] [INFO ] - Root WebApplicationContext: initialization completed in 2551 ms
[29/01/2023 04:44:49 p. m.] [INFO ] - HHH000204: Processing PersistenceUnitInfo [name: default]
[29/01/2023 04:44:50 p. m.] [INFO ] - HHH000412: Hibernate ORM core version 6.1.5.Final
[29/01/2023 04:44:50 p. m.] [WARN ] - HHH90000021: Encountered deprecated setting [javax.persistence.sharedCache.mode], use [jakarta.persistence.sharedCache.mode] instead
[29/01/2023 04:44:50 p. m.] [INFO ] - HikariPool-1 - Starting...
[29/01/2023 04:44:50 p. m.] [INFO ] - HikariPool-1 - Added connection com.mysql.cj.jdbc.ConnectionImpl@3cfab340
[29/01/2023 04:44:50 p. m.] [INFO ] - HikariPool-1 - Start completed.
[29/01/2023 04:44:50 p. m.] [INFO ] - HHH000400: Using dialect: org.hibernate.dialect.MySQLDialect
[29/01/2023 04:44:52 p. m.] [INFO ] - HHH000490: Using JtaPlatform implementation: [org.hibernate.engine.transaction.jta.platform.internal.NoJtaPlatform]
[29/01/2023 04:44:52 p. m.] [INFO ] - Initialized JPA EntityManagerFactory for persistence unit 'default'
[29/01/2023 04:44:52 p. m.] [WARN ] - spring.jpa.open-in-view is enabled by default. Therefore, database queries may be performed during view rendering. Explicitly configure spring.jpa.open-in-view to disable this warning
[29/01/2023 04:44:55 p. m.] [INFO ] - Will secure any request with [org.springframework.security.web.session.DisableEncodeUrlFilter@198d55de, org.springframework.security.web.context.request.async.WebAsyncManagerIntegrationFilter@3fe70a2d, org.springframework.security.web.context.SecurityContextHolderFilter@36ce48bc, org.springframework.security.web.header.HeaderWriterFilter@795ce9b5, org.springframework.security.web.authentication.logout.LogoutFilter@121fe002, org.bedu.ods.Config.jwt.JwtTokenAuthenticationFilter@79f6b43a, org.springframework.security.web.savedrequest.RequestCacheAwareFilter@45aa02de, org.springframework.security.web.servletapi.SecurityContextHolderAwareRequestFilter@19598b38, org.springframework.security.web.authentication.AnonymousAuthenticationFilter@7b80ac30, org.springframework.security.web.session.SessionManagementFilter@50cb64d5, org.springframework.security.web.access.ExceptionTranslationFilter@2a3251ad, org.springframework.security.web.access.intercept.AuthorizationFilter@724a80d2]
[29/01/2023 04:44:55 p. m.] [INFO ] - Initializing Spring TestDispatcherServlet ''
[29/01/2023 04:44:55 p. m.] [INFO ] - Initializing Servlet ''
[29/01/2023 04:44:55 p. m.] [INFO ] - Completed initialization in 2 ms
[29/01/2023 04:44:55 p. m.] [INFO ] - Tomcat started on port(s): 56138 (http) with context path ''
[29/01/2023 04:44:55 p. m.] [INFO ] - Started AuthenticationTest in 9.731 seconds (process running for 11.593)
[29/01/2023 04:44:56 p. m.] [INFO ] - Initializing Spring TestDispatcherServlet ''
[29/01/2023 04:44:56 p. m.] [INFO ] - Initializing Servlet ''
[29/01/2023 04:44:56 p. m.] [INFO ] - Completed initialization in 1 ms
[29/01/2023 04:44:57 p. m.] [INFO ] - Initializing Spring DispatcherServlet 'dispatcherServlet'
[29/01/2023 04:44:57 p. m.] [INFO ] - Initializing Servlet 'dispatcherServlet'
[29/01/2023 04:44:57 p. m.] [INFO ] - Completed initialization in 2 ms
[29/01/2023 04:44:57 p. m.] [INFO ] - Extracting token from HttpServletRequest: null
[29/01/2023 04:44:58 p. m.] [INFO ] - USERNAME: gabriel.silva@bedu.org 
[29/01/2023 04:44:58 p. m.] [INFO ] - ROLES: ROLE_USER
[29/01/2023 04:44:58 p. m.] [INFO ] - Initializing Spring TestDispatcherServlet ''
[29/01/2023 04:44:58 p. m.] [INFO ] - Initializing Servlet ''
[29/01/2023 04:44:58 p. m.] [INFO ] - Completed initialization in 2 ms
[29/01/2023 04:44:58 p. m.] [INFO ] - Starting AuthenticationTests using Java 18 with PID 8768 (started by Gabo in E:\BEDU\ODS)
[29/01/2023 04:44:58 p. m.] [INFO ] - No active profile set, falling back to 1 default profile: "default"
[29/01/2023 04:44:59 p. m.] [INFO ] - Bootstrapping Spring Data JPA repositories in DEFAULT mode.
[29/01/2023 04:44:59 p. m.] [INFO ] - Finished Spring Data repository scanning in 33 ms. Found 3 JPA repository interfaces.
[29/01/2023 04:44:59 p. m.] [INFO ] - Tomcat initialized with port(s): 0 (http)
[29/01/2023 04:44:59 p. m.] [INFO ] - Starting service [Tomcat]
[29/01/2023 04:44:59 p. m.] [INFO ] - Starting Servlet engine: [Apache Tomcat/10.1.1]
[29/01/2023 04:44:59 p. m.] [INFO ] - Initializing Spring embedded WebApplicationContext
[29/01/2023 04:44:59 p. m.] [INFO ] - Root WebApplicationContext: initialization completed in 740 ms
[29/01/2023 04:44:59 p. m.] [INFO ] - HHH000204: Processing PersistenceUnitInfo [name: default]
[29/01/2023 04:44:59 p. m.] [WARN ] - HHH90000021: Encountered deprecated setting [javax.persistence.sharedCache.mode], use [jakarta.persistence.sharedCache.mode] instead
[29/01/2023 04:44:59 p. m.] [INFO ] - HikariPool-2 - Starting...
[29/01/2023 04:44:59 p. m.] [INFO ] - HikariPool-2 - Added connection com.mysql.cj.jdbc.ConnectionImpl@6fc277e4
[29/01/2023 04:44:59 p. m.] [INFO ] - HikariPool-2 - Start completed.
[29/01/2023 04:44:59 p. m.] [INFO ] - HHH000400: Using dialect: org.hibernate.dialect.MySQLDialect
[29/01/2023 04:44:59 p. m.] [INFO ] - HHH000490: Using JtaPlatform implementation: [org.hibernate.engine.transaction.jta.platform.internal.NoJtaPlatform]
[29/01/2023 04:44:59 p. m.] [INFO ] - Initialized JPA EntityManagerFactory for persistence unit 'default'
[29/01/2023 04:45:00 p. m.] [WARN ] - spring.jpa.open-in-view is enabled by default. Therefore, database queries may be performed during view rendering. Explicitly configure spring.jpa.open-in-view to disable this warning
[29/01/2023 04:45:01 p. m.] [INFO ] - Will secure any request with [org.springframework.security.web.session.DisableEncodeUrlFilter@29ff01df, org.springframework.security.web.context.request.async.WebAsyncManagerIntegrationFilter@dfa6f48, org.springframework.security.web.context.SecurityContextHolderFilter@54856056, org.springframework.security.web.header.HeaderWriterFilter@24c036b7, org.springframework.security.web.authentication.logout.LogoutFilter@1276caf2, org.bedu.ods.Config.jwt.JwtTokenAuthenticationFilter@6aaaa66b, org.springframework.security.web.savedrequest.RequestCacheAwareFilter@3374a30c, org.springframework.security.web.servletapi.SecurityContextHolderAwareRequestFilter@16a45e5b, org.springframework.security.web.authentication.AnonymousAuthenticationFilter@2f38b35e, org.springframework.security.web.session.SessionManagementFilter@2ff35d7, org.springframework.security.web.access.ExceptionTranslationFilter@102ee705, org.springframework.security.web.access.intercept.AuthorizationFilter@306ea73f]
[29/01/2023 04:45:01 p. m.] [INFO ] - Initializing Spring TestDispatcherServlet ''
[29/01/2023 04:45:01 p. m.] [INFO ] - Initializing Servlet ''
[29/01/2023 04:45:01 p. m.] [INFO ] - Completed initialization in 1 ms
[29/01/2023 04:45:01 p. m.] [INFO ] - Tomcat started on port(s): 56154 (http) with context path ''
[29/01/2023 04:45:01 p. m.] [INFO ] - Started AuthenticationTests in 2.641 seconds (process running for 17.111)
[29/01/2023 04:45:01 p. m.] [INFO ] - Initializing Spring TestDispatcherServlet ''
[29/01/2023 04:45:01 p. m.] [INFO ] - Initializing Servlet ''
[29/01/2023 04:45:01 p. m.] [INFO ] - Completed initialization in 1 ms
[29/01/2023 04:45:01 p. m.] [INFO ] - Initializing Spring DispatcherServlet 'dispatcherServlet'
[29/01/2023 04:45:01 p. m.] [INFO ] - Initializing Servlet 'dispatcherServlet'
[29/01/2023 04:45:01 p. m.] [INFO ] - Completed initialization in 0 ms
[29/01/2023 04:45:01 p. m.] [INFO ] - Extracting token from HttpServletRequest: null
[29/01/2023 04:45:01 p. m.] [INFO ] - USERNAME: gabriel.silva@bedu.org 
[29/01/2023 04:45:01 p. m.] [INFO ] - ROLES: ROLE_USER
[29/01/2023 04:45:01 p. m.] [INFO ] - Closing JPA EntityManagerFactory for persistence unit 'default'
[29/01/2023 04:45:01 p. m.] [INFO ] - HikariPool-1 - Shutdown initiated...
[29/01/2023 04:45:01 p. m.] [INFO ] - HikariPool-1 - Shutdown completed.
[29/01/2023 04:45:01 p. m.] [INFO ] - Closing JPA EntityManagerFactory for persistence unit 'default'
[29/01/2023 04:45:01 p. m.] [INFO ] - HikariPool-2 - Shutdown initiated...
[29/01/2023 04:45:01 p. m.] [INFO ] - HikariPool-2 - Shutdown completed.
[29/01/2023 04:48:11 p. m.] [INFO ] - Starting UsuariosControllerTest using Java 18 with PID 16520 (started by Gabo in E:\BEDU\ODS)
[29/01/2023 04:48:11 p. m.] [INFO ] - No active profile set, falling back to 1 default profile: "default"
[29/01/2023 04:48:12 p. m.] [INFO ] - Bootstrapping Spring Data JPA repositories in DEFAULT mode.
[29/01/2023 04:48:12 p. m.] [INFO ] - Finished Spring Data repository scanning in 83 ms. Found 3 JPA repository interfaces.
[29/01/2023 04:48:13 p. m.] [INFO ] - HHH000204: Processing PersistenceUnitInfo [name: default]
[29/01/2023 04:48:13 p. m.] [INFO ] - HHH000412: Hibernate ORM core version 6.1.5.Final
[29/01/2023 04:48:14 p. m.] [WARN ] - HHH90000021: Encountered deprecated setting [javax.persistence.sharedCache.mode], use [jakarta.persistence.sharedCache.mode] instead
[29/01/2023 04:48:14 p. m.] [INFO ] - HikariPool-1 - Starting...
[29/01/2023 04:48:14 p. m.] [INFO ] - HikariPool-1 - Added connection com.mysql.cj.jdbc.ConnectionImpl@1c411474
[29/01/2023 04:48:14 p. m.] [INFO ] - HikariPool-1 - Start completed.
[29/01/2023 04:48:14 p. m.] [INFO ] - HHH000400: Using dialect: org.hibernate.dialect.MySQLDialect
[29/01/2023 04:48:16 p. m.] [INFO ] - HHH000490: Using JtaPlatform implementation: [org.hibernate.engine.transaction.jta.platform.internal.NoJtaPlatform]
[29/01/2023 04:48:16 p. m.] [INFO ] - Initialized JPA EntityManagerFactory for persistence unit 'default'
[29/01/2023 04:48:16 p. m.] [WARN ] - spring.jpa.open-in-view is enabled by default. Therefore, database queries may be performed during view rendering. Explicitly configure spring.jpa.open-in-view to disable this warning
[29/01/2023 04:48:19 p. m.] [INFO ] - Will secure any request with [org.springframework.security.web.session.DisableEncodeUrlFilter@65cb50dc, org.springframework.security.web.context.request.async.WebAsyncManagerIntegrationFilter@7fec6c2f, org.springframework.security.web.context.SecurityContextHolderFilter@2db0dd19, org.springframework.security.web.header.HeaderWriterFilter@1046aaa4, org.springframework.security.web.authentication.logout.LogoutFilter@3619bc9e, org.bedu.ods.Config.jwt.JwtTokenAuthenticationFilter@67e12e28, org.springframework.security.web.savedrequest.RequestCacheAwareFilter@315bb2bb, org.springframework.security.web.servletapi.SecurityContextHolderAwareRequestFilter@57e35236, org.springframework.security.web.authentication.AnonymousAuthenticationFilter@36109a76, org.springframework.security.web.session.SessionManagementFilter@46bbcb82, org.springframework.security.web.access.ExceptionTranslationFilter@38320819, org.springframework.security.web.access.intercept.AuthorizationFilter@23973547]
[29/01/2023 04:48:19 p. m.] [INFO ] - Initializing Spring TestDispatcherServlet ''
[29/01/2023 04:48:19 p. m.] [INFO ] - Initializing Servlet ''
[29/01/2023 04:48:19 p. m.] [INFO ] - Completed initialization in 1 ms
[29/01/2023 04:48:19 p. m.] [INFO ] - Started UsuariosControllerTest in 9.156 seconds (process running for 11.003)
[29/01/2023 04:48:20 p. m.] [INFO ] - Initializing Spring TestDispatcherServlet ''
[29/01/2023 04:48:20 p. m.] [INFO ] - Initializing Servlet ''
[29/01/2023 04:48:20 p. m.] [INFO ] - Completed initialization in 3 ms
[29/01/2023 04:48:20 p. m.] [INFO ] - Initializing Spring TestDispatcherServlet ''
[29/01/2023 04:48:20 p. m.] [INFO ] - Initializing Servlet ''
[29/01/2023 04:48:20 p. m.] [INFO ] - Completed initialization in 1 ms
[29/01/2023 04:48:20 p. m.] [INFO ] - Initializing Spring TestDispatcherServlet ''
[29/01/2023 04:48:20 p. m.] [INFO ] - Initializing Servlet ''
[29/01/2023 04:48:20 p. m.] [INFO ] - Completed initialization in 1 ms
[29/01/2023 04:48:20 p. m.] [INFO ] - Initializing Spring TestDispatcherServlet ''
[29/01/2023 04:48:20 p. m.] [INFO ] - Initializing Servlet ''
[29/01/2023 04:48:20 p. m.] [INFO ] - Completed initialization in 1 ms
[29/01/2023 04:48:22 p. m.] [INFO ] - Initializing Spring TestDispatcherServlet ''
[29/01/2023 04:48:22 p. m.] [INFO ] - Initializing Servlet ''
[29/01/2023 04:48:22 p. m.] [INFO ] - Completed initialization in 1 ms
[29/01/2023 04:48:24 p. m.] [INFO ] - Closing JPA EntityManagerFactory for persistence unit 'default'
[29/01/2023 04:48:24 p. m.] [INFO ] - HikariPool-1 - Shutdown initiated...
[29/01/2023 04:48:24 p. m.] [INFO ] - HikariPool-1 - Shutdown completed.
[29/01/2023 04:48:34 p. m.] [INFO ] - Starting TareasControllerTest using Java 18 with PID 7252 (started by Gabo in E:\BEDU\ODS)
[29/01/2023 04:48:34 p. m.] [INFO ] - No active profile set, falling back to 1 default profile: "default"
[29/01/2023 04:48:35 p. m.] [INFO ] - Bootstrapping Spring Data JPA repositories in DEFAULT mode.
[29/01/2023 04:48:35 p. m.] [INFO ] - Finished Spring Data repository scanning in 78 ms. Found 3 JPA repository interfaces.
[29/01/2023 04:48:36 p. m.] [INFO ] - HHH000204: Processing PersistenceUnitInfo [name: default]
[29/01/2023 04:48:36 p. m.] [INFO ] - HHH000412: Hibernate ORM core version 6.1.5.Final
[29/01/2023 04:48:37 p. m.] [WARN ] - HHH90000021: Encountered deprecated setting [javax.persistence.sharedCache.mode], use [jakarta.persistence.sharedCache.mode] instead
[29/01/2023 04:48:37 p. m.] [INFO ] - HikariPool-1 - Starting...
[29/01/2023 04:48:37 p. m.] [INFO ] - HikariPool-1 - Added connection com.mysql.cj.jdbc.ConnectionImpl@61836cd9
[29/01/2023 04:48:37 p. m.] [INFO ] - HikariPool-1 - Start completed.
[29/01/2023 04:48:37 p. m.] [INFO ] - HHH000400: Using dialect: org.hibernate.dialect.MySQLDialect
[29/01/2023 04:48:39 p. m.] [INFO ] - HHH000490: Using JtaPlatform implementation: [org.hibernate.engine.transaction.jta.platform.internal.NoJtaPlatform]
[29/01/2023 04:48:39 p. m.] [INFO ] - Initialized JPA EntityManagerFactory for persistence unit 'default'
[29/01/2023 04:48:39 p. m.] [WARN ] - spring.jpa.open-in-view is enabled by default. Therefore, database queries may be performed during view rendering. Explicitly configure spring.jpa.open-in-view to disable this warning
[29/01/2023 04:48:42 p. m.] [INFO ] - Will secure any request with [org.springframework.security.web.session.DisableEncodeUrlFilter@57f9f387, org.springframework.security.web.context.request.async.WebAsyncManagerIntegrationFilter@6b4376e1, org.springframework.security.web.context.SecurityContextHolderFilter@32192a69, org.springframework.security.web.header.HeaderWriterFilter@46ee9cfd, org.springframework.security.web.authentication.logout.LogoutFilter@d0456ad, org.bedu.ods.Config.jwt.JwtTokenAuthenticationFilter@622c658d, org.springframework.security.web.savedrequest.RequestCacheAwareFilter@36e9fd4f, org.springframework.security.web.servletapi.SecurityContextHolderAwareRequestFilter@730611a0, org.springframework.security.web.authentication.AnonymousAuthenticationFilter@3619bc9e, org.springframework.security.web.session.SessionManagementFilter@7b4b559d, org.springframework.security.web.access.ExceptionTranslationFilter@6101fd7d, org.springframework.security.web.access.intercept.AuthorizationFilter@6c4a1980]
[29/01/2023 04:48:42 p. m.] [INFO ] - Initializing Spring TestDispatcherServlet ''
[29/01/2023 04:48:42 p. m.] [INFO ] - Initializing Servlet ''
[29/01/2023 04:48:42 p. m.] [INFO ] - Completed initialization in 1 ms
[29/01/2023 04:48:43 p. m.] [INFO ] - Started TareasControllerTest in 9.133 seconds (process running for 10.831)
[29/01/2023 04:48:43 p. m.] [INFO ] - Initializing Spring TestDispatcherServlet ''
[29/01/2023 04:48:43 p. m.] [INFO ] - Initializing Servlet ''
[29/01/2023 04:48:43 p. m.] [INFO ] - Completed initialization in 1 ms
[29/01/2023 04:48:43 p. m.] [INFO ] - Initializing Spring TestDispatcherServlet ''
[29/01/2023 04:48:43 p. m.] [INFO ] - Initializing Servlet ''
[29/01/2023 04:48:43 p. m.] [INFO ] - Completed initialization in 1 ms
[29/01/2023 04:48:43 p. m.] [INFO ] - Initializing Spring TestDispatcherServlet ''
[29/01/2023 04:48:43 p. m.] [INFO ] - Initializing Servlet ''
[29/01/2023 04:48:43 p. m.] [INFO ] - Completed initialization in 1 ms
[29/01/2023 04:48:45 p. m.] [INFO ] - Initializing Spring TestDispatcherServlet ''
[29/01/2023 04:48:45 p. m.] [INFO ] - Initializing Servlet ''
[29/01/2023 04:48:45 p. m.] [INFO ] - Completed initialization in 1 ms
[29/01/2023 04:48:47 p. m.] [INFO ] - Closing JPA EntityManagerFactory for persistence unit 'default'
[29/01/2023 04:48:47 p. m.] [INFO ] - HikariPool-1 - Shutdown initiated...
[29/01/2023 04:48:47 p. m.] [INFO ] - HikariPool-1 - Shutdown completed.
[29/01/2023 04:48:55 p. m.] [INFO ] - Starting ProyectosControllerTest using Java 18 with PID 13572 (started by Gabo in E:\BEDU\ODS)
[29/01/2023 04:48:55 p. m.] [INFO ] - No active profile set, falling back to 1 default profile: "default"
[29/01/2023 04:48:57 p. m.] [INFO ] - Bootstrapping Spring Data JPA repositories in DEFAULT mode.
[29/01/2023 04:48:57 p. m.] [INFO ] - Finished Spring Data repository scanning in 82 ms. Found 3 JPA repository interfaces.
[29/01/2023 04:48:58 p. m.] [INFO ] - HHH000204: Processing PersistenceUnitInfo [name: default]
[29/01/2023 04:48:58 p. m.] [INFO ] - HHH000412: Hibernate ORM core version 6.1.5.Final
[29/01/2023 04:48:58 p. m.] [WARN ] - HHH90000021: Encountered deprecated setting [javax.persistence.sharedCache.mode], use [jakarta.persistence.sharedCache.mode] instead
[29/01/2023 04:48:58 p. m.] [INFO ] - HikariPool-1 - Starting...
[29/01/2023 04:48:59 p. m.] [INFO ] - HikariPool-1 - Added connection com.mysql.cj.jdbc.ConnectionImpl@733fa95c
[29/01/2023 04:48:59 p. m.] [INFO ] - HikariPool-1 - Start completed.
[29/01/2023 04:48:59 p. m.] [INFO ] - HHH000400: Using dialect: org.hibernate.dialect.MySQLDialect
[29/01/2023 04:49:00 p. m.] [INFO ] - HHH000490: Using JtaPlatform implementation: [org.hibernate.engine.transaction.jta.platform.internal.NoJtaPlatform]
[29/01/2023 04:49:00 p. m.] [INFO ] - Initialized JPA EntityManagerFactory for persistence unit 'default'
[29/01/2023 04:49:01 p. m.] [WARN ] - spring.jpa.open-in-view is enabled by default. Therefore, database queries may be performed during view rendering. Explicitly configure spring.jpa.open-in-view to disable this warning
[29/01/2023 04:49:04 p. m.] [INFO ] - Will secure any request with [org.springframework.security.web.session.DisableEncodeUrlFilter@7aff1db3, org.springframework.security.web.context.request.async.WebAsyncManagerIntegrationFilter@46374b8, org.springframework.security.web.context.SecurityContextHolderFilter@6b58a0f9, org.springframework.security.web.header.HeaderWriterFilter@e8ce5b1, org.springframework.security.web.authentication.logout.LogoutFilter@36b2b6e6, org.bedu.ods.Config.jwt.JwtTokenAuthenticationFilter@29ceefb3, org.springframework.security.web.savedrequest.RequestCacheAwareFilter@a8964c1, org.springframework.security.web.servletapi.SecurityContextHolderAwareRequestFilter@38320819, org.springframework.security.web.authentication.AnonymousAuthenticationFilter@f14d079, org.springframework.security.web.session.SessionManagementFilter@14f08a97, org.springframework.security.web.access.ExceptionTranslationFilter@c50d1b2, org.springframework.security.web.access.intercept.AuthorizationFilter@7ec01440]
[29/01/2023 04:49:05 p. m.] [INFO ] - Initializing Spring TestDispatcherServlet ''
[29/01/2023 04:49:05 p. m.] [INFO ] - Initializing Servlet ''
[29/01/2023 04:49:05 p. m.] [INFO ] - Completed initialization in 1 ms
[29/01/2023 04:49:05 p. m.] [INFO ] - Started ProyectosControllerTest in 10.075 seconds (process running for 11.774)
[29/01/2023 04:49:05 p. m.] [INFO ] - Initializing Spring TestDispatcherServlet ''
[29/01/2023 04:49:05 p. m.] [INFO ] - Initializing Servlet ''
[29/01/2023 04:49:05 p. m.] [INFO ] - Completed initialization in 1 ms
[29/01/2023 04:49:06 p. m.] [INFO ] - Initializing Spring TestDispatcherServlet ''
[29/01/2023 04:49:06 p. m.] [INFO ] - Initializing Servlet ''
[29/01/2023 04:49:06 p. m.] [INFO ] - Completed initialization in 1 ms
[29/01/2023 04:49:06 p. m.] [INFO ] - Initializing Spring TestDispatcherServlet ''
[29/01/2023 04:49:06 p. m.] [INFO ] - Initializing Servlet ''
[29/01/2023 04:49:06 p. m.] [INFO ] - Completed initialization in 1 ms
[29/01/2023 04:49:06 p. m.] [INFO ] - Initializing Spring TestDispatcherServlet ''
[29/01/2023 04:49:06 p. m.] [INFO ] - Initializing Servlet ''
[29/01/2023 04:49:06 p. m.] [INFO ] - Completed initialization in 2 ms
[29/01/2023 04:49:07 p. m.] [INFO ] - Initializing Spring TestDispatcherServlet ''
[29/01/2023 04:49:07 p. m.] [INFO ] - Initializing Servlet ''
[29/01/2023 04:49:07 p. m.] [INFO ] - Completed initialization in 1 ms
[29/01/2023 04:49:09 p. m.] [INFO ] - Closing JPA EntityManagerFactory for persistence unit 'default'
[29/01/2023 04:49:09 p. m.] [INFO ] - HikariPool-1 - Shutdown initiated...
[29/01/2023 04:49:09 p. m.] [INFO ] - HikariPool-1 - Shutdown completed.
[29/01/2023 06:20:00 p. m.] [INFO ] - Starting OdsApplication using Java 18 with PID 18300 (E:\BEDU\ODS\target\classes started by Gabo in E:\BEDU\ODS)
[29/01/2023 06:20:00 p. m.] [INFO ] - No active profile set, falling back to 1 default profile: "default"
[29/01/2023 06:20:01 p. m.] [INFO ] - Bootstrapping Spring Data JPA repositories in DEFAULT mode.
[29/01/2023 06:20:01 p. m.] [INFO ] - Finished Spring Data repository scanning in 69 ms. Found 3 JPA repository interfaces.
[29/01/2023 06:20:02 p. m.] [INFO ] - Tomcat initialized with port(s): 8084 (http)
[29/01/2023 06:20:02 p. m.] [INFO ] - Starting service [Tomcat]
[29/01/2023 06:20:02 p. m.] [INFO ] - Starting Servlet engine: [Apache Tomcat/10.1.1]
[29/01/2023 06:20:02 p. m.] [INFO ] - Initializing Spring embedded WebApplicationContext
[29/01/2023 06:20:02 p. m.] [INFO ] - Root WebApplicationContext: initialization completed in 1743 ms
[29/01/2023 06:20:02 p. m.] [INFO ] - HHH000204: Processing PersistenceUnitInfo [name: default]
[29/01/2023 06:20:02 p. m.] [INFO ] - HHH000412: Hibernate ORM core version 6.1.5.Final
[29/01/2023 06:20:03 p. m.] [WARN ] - HHH90000021: Encountered deprecated setting [javax.persistence.sharedCache.mode], use [jakarta.persistence.sharedCache.mode] instead
[29/01/2023 06:20:03 p. m.] [INFO ] - HikariPool-1 - Starting...
[29/01/2023 06:20:03 p. m.] [INFO ] - HikariPool-1 - Added connection com.mysql.cj.jdbc.ConnectionImpl@768f4b42
[29/01/2023 06:20:03 p. m.] [INFO ] - HikariPool-1 - Start completed.
[29/01/2023 06:20:03 p. m.] [INFO ] - HHH000400: Using dialect: org.hibernate.dialect.MySQLDialect
[29/01/2023 06:20:04 p. m.] [INFO ] - HHH000490: Using JtaPlatform implementation: [org.hibernate.engine.transaction.jta.platform.internal.NoJtaPlatform]
[29/01/2023 06:20:04 p. m.] [INFO ] - Initialized JPA EntityManagerFactory for persistence unit 'default'
[29/01/2023 06:20:04 p. m.] [WARN ] - spring.jpa.open-in-view is enabled by default. Therefore, database queries may be performed during view rendering. Explicitly configure spring.jpa.open-in-view to disable this warning
[29/01/2023 06:20:06 p. m.] [INFO ] - Will secure any request with [org.springframework.security.web.session.DisableEncodeUrlFilter@6c427386, org.springframework.security.web.context.request.async.WebAsyncManagerIntegrationFilter@301c622d, org.springframework.security.web.context.SecurityContextHolderFilter@4545cfc0, org.springframework.security.web.header.HeaderWriterFilter@5352bc0e, org.springframework.security.web.authentication.logout.LogoutFilter@1488d1c, org.bedu.ods.Config.jwt.JwtTokenAuthenticationFilter@14b0b7f9, org.springframework.security.web.savedrequest.RequestCacheAwareFilter@58ca1cad, org.springframework.security.web.servletapi.SecurityContextHolderAwareRequestFilter@5ae6119b, org.springframework.security.web.authentication.AnonymousAuthenticationFilter@16a78700, org.springframework.security.web.session.SessionManagementFilter@2f16c21f, org.springframework.security.web.access.ExceptionTranslationFilter@7c855ef0, org.springframework.security.web.access.intercept.AuthorizationFilter@44d36b56]
[29/01/2023 06:20:07 p. m.] [INFO ] - Tomcat started on port(s): 8084 (http) with context path ''
[29/01/2023 06:20:07 p. m.] [INFO ] - Started OdsApplication in 6.808 seconds (process running for 7.629)
[29/01/2023 06:20:53 p. m.] [INFO ] - Initializing Spring DispatcherServlet 'dispatcherServlet'
[29/01/2023 06:20:53 p. m.] [INFO ] - Initializing Servlet 'dispatcherServlet'
[29/01/2023 06:20:53 p. m.] [INFO ] - Completed initialization in 1 ms
[29/01/2023 06:20:53 p. m.] [INFO ] - Extracting token from HttpServletRequest: null
[29/01/2023 06:21:13 p. m.] [INFO ] - Extracting token from HttpServletRequest: null
[29/01/2023 06:21:13 p. m.] [INFO ] - Extracting token from HttpServletRequest: null
[29/01/2023 06:21:57 p. m.] [INFO ] - Closing JPA EntityManagerFactory for persistence unit 'default'
[29/01/2023 06:21:57 p. m.] [INFO ] - HikariPool-1 - Shutdown initiated...
[29/01/2023 06:21:57 p. m.] [INFO ] - HikariPool-1 - Shutdown completed.
[29/01/2023 06:22:30 p. m.] [INFO ] - Starting OdsApplication using Java 18 with PID 18200 (E:\BEDU\ODS\target\classes started by Gabo in E:\BEDU\ODS)
[29/01/2023 06:22:30 p. m.] [INFO ] - No active profile set, falling back to 1 default profile: "default"
[29/01/2023 06:22:33 p. m.] [INFO ] - Bootstrapping Spring Data JPA repositories in DEFAULT mode.
[29/01/2023 06:22:33 p. m.] [INFO ] - Finished Spring Data repository scanning in 71 ms. Found 3 JPA repository interfaces.
[29/01/2023 06:22:34 p. m.] [INFO ] - Tomcat initialized with port(s): 8084 (http)
[29/01/2023 06:22:34 p. m.] [INFO ] - Starting service [Tomcat]
[29/01/2023 06:22:34 p. m.] [INFO ] - Starting Servlet engine: [Apache Tomcat/10.1.1]
[29/01/2023 06:22:34 p. m.] [INFO ] - Initializing Spring embedded WebApplicationContext
[29/01/2023 06:22:34 p. m.] [INFO ] - Root WebApplicationContext: initialization completed in 2239 ms
[29/01/2023 06:22:34 p. m.] [INFO ] - HHH000204: Processing PersistenceUnitInfo [name: default]
[29/01/2023 06:22:34 p. m.] [INFO ] - HHH000412: Hibernate ORM core version 6.1.5.Final
[29/01/2023 06:22:34 p. m.] [WARN ] - HHH90000021: Encountered deprecated setting [javax.persistence.sharedCache.mode], use [jakarta.persistence.sharedCache.mode] instead
[29/01/2023 06:22:34 p. m.] [INFO ] - HikariPool-1 - Starting...
[29/01/2023 06:22:34 p. m.] [INFO ] - HikariPool-1 - Added connection com.mysql.cj.jdbc.ConnectionImpl@5bd3ca3c
[29/01/2023 06:22:34 p. m.] [INFO ] - HikariPool-1 - Start completed.
[29/01/2023 06:22:34 p. m.] [INFO ] - HHH000400: Using dialect: org.hibernate.dialect.MySQLDialect
[29/01/2023 06:22:35 p. m.] [INFO ] - HHH000490: Using JtaPlatform implementation: [org.hibernate.engine.transaction.jta.platform.internal.NoJtaPlatform]
[29/01/2023 06:22:35 p. m.] [INFO ] - Initialized JPA EntityManagerFactory for persistence unit 'default'
[29/01/2023 06:22:36 p. m.] [WARN ] - spring.jpa.open-in-view is enabled by default. Therefore, database queries may be performed during view rendering. Explicitly configure spring.jpa.open-in-view to disable this warning
[29/01/2023 06:22:37 p. m.] [INFO ] - Will secure any request with [org.springframework.security.web.session.DisableEncodeUrlFilter@69c7eafd, org.springframework.security.web.context.request.async.WebAsyncManagerIntegrationFilter@6e6ec71f, org.springframework.security.web.context.SecurityContextHolderFilter@19bad88, org.springframework.security.web.header.HeaderWriterFilter@e14559e, org.springframework.security.web.authentication.logout.LogoutFilter@5ad13be4, org.bedu.ods.Config.jwt.JwtTokenAuthenticationFilter@1e387974, org.springframework.security.web.savedrequest.RequestCacheAwareFilter@1488d1c, org.springframework.security.web.servletapi.SecurityContextHolderAwareRequestFilter@b21cbbf, org.springframework.security.web.authentication.AnonymousAuthenticationFilter@2a23c061, org.springframework.security.web.session.SessionManagementFilter@62682ece, org.springframework.security.web.access.ExceptionTranslationFilter@19c6e821, org.springframework.security.web.access.intercept.AuthorizationFilter@1a13b5c1]
[29/01/2023 06:22:38 p. m.] [INFO ] - Tomcat started on port(s): 8084 (http) with context path ''
[29/01/2023 06:22:38 p. m.] [INFO ] - Started OdsApplication in 7.89 seconds (process running for 8.516)
[29/01/2023 06:22:42 p. m.] [INFO ] - Closing JPA EntityManagerFactory for persistence unit 'default'
[29/01/2023 06:22:42 p. m.] [INFO ] - HikariPool-1 - Shutdown initiated...
[29/01/2023 06:22:42 p. m.] [INFO ] - HikariPool-1 - Shutdown completed.
[29/01/2023 06:23:33 p. m.] [INFO ] - Starting OdsApplication using Java 18 with PID 16448 (E:\BEDU\ODS\target\classes started by Gabo in E:\BEDU\ODS)
[29/01/2023 06:23:33 p. m.] [INFO ] - No active profile set, falling back to 1 default profile: "default"
[29/01/2023 06:23:34 p. m.] [INFO ] - Bootstrapping Spring Data JPA repositories in DEFAULT mode.
[29/01/2023 06:23:34 p. m.] [INFO ] - Finished Spring Data repository scanning in 60 ms. Found 3 JPA repository interfaces.
[29/01/2023 06:23:35 p. m.] [INFO ] - Tomcat initialized with port(s): 8084 (http)
[29/01/2023 06:23:35 p. m.] [INFO ] - Starting service [Tomcat]
[29/01/2023 06:23:35 p. m.] [INFO ] - Starting Servlet engine: [Apache Tomcat/10.1.1]
[29/01/2023 06:23:35 p. m.] [INFO ] - Initializing Spring embedded WebApplicationContext
[29/01/2023 06:23:35 p. m.] [INFO ] - Root WebApplicationContext: initialization completed in 1813 ms
[29/01/2023 06:23:35 p. m.] [INFO ] - HHH000204: Processing PersistenceUnitInfo [name: default]
[29/01/2023 06:23:35 p. m.] [INFO ] - HHH000412: Hibernate ORM core version 6.1.5.Final
[29/01/2023 06:23:36 p. m.] [WARN ] - HHH90000021: Encountered deprecated setting [javax.persistence.sharedCache.mode], use [jakarta.persistence.sharedCache.mode] instead
[29/01/2023 06:23:36 p. m.] [INFO ] - HikariPool-1 - Starting...
[29/01/2023 06:23:36 p. m.] [INFO ] - HikariPool-1 - Added connection com.mysql.cj.jdbc.ConnectionImpl@1c788d08
[29/01/2023 06:23:36 p. m.] [INFO ] - HikariPool-1 - Start completed.
[29/01/2023 06:23:36 p. m.] [INFO ] - HHH000400: Using dialect: org.hibernate.dialect.MySQLDialect
[29/01/2023 06:23:37 p. m.] [INFO ] - HHH000490: Using JtaPlatform implementation: [org.hibernate.engine.transaction.jta.platform.internal.NoJtaPlatform]
[29/01/2023 06:23:37 p. m.] [INFO ] - Initialized JPA EntityManagerFactory for persistence unit 'default'
[29/01/2023 06:23:38 p. m.] [WARN ] - spring.jpa.open-in-view is enabled by default. Therefore, database queries may be performed during view rendering. Explicitly configure spring.jpa.open-in-view to disable this warning
[29/01/2023 06:23:39 p. m.] [INFO ] - Will secure any request with [org.springframework.security.web.session.DisableEncodeUrlFilter@65cb50dc, org.springframework.security.web.context.request.async.WebAsyncManagerIntegrationFilter@7fec6c2f, org.springframework.security.web.context.SecurityContextHolderFilter@2db0dd19, org.springframework.security.web.header.HeaderWriterFilter@1046aaa4, org.springframework.security.web.authentication.logout.LogoutFilter@3619bc9e, org.bedu.ods.Config.jwt.JwtTokenAuthenticationFilter@67e12e28, org.springframework.security.web.savedrequest.RequestCacheAwareFilter@315bb2bb, org.springframework.security.web.servletapi.SecurityContextHolderAwareRequestFilter@57e35236, org.springframework.security.web.authentication.AnonymousAuthenticationFilter@36109a76, org.springframework.security.web.session.SessionManagementFilter@46bbcb82, org.springframework.security.web.access.ExceptionTranslationFilter@5d180628, org.springframework.security.web.access.intercept.AuthorizationFilter@23973547]
[29/01/2023 06:23:40 p. m.] [INFO ] - Tomcat started on port(s): 8084 (http) with context path ''
[29/01/2023 06:23:40 p. m.] [INFO ] - Started OdsApplication in 7.003 seconds (process running for 7.607)
[29/01/2023 06:24:01 p. m.] [INFO ] - Initializing Spring DispatcherServlet 'dispatcherServlet'
[29/01/2023 06:24:01 p. m.] [INFO ] - Initializing Servlet 'dispatcherServlet'
[29/01/2023 06:24:01 p. m.] [INFO ] - Completed initialization in 1 ms
[29/01/2023 06:24:01 p. m.] [INFO ] - Extracting token from HttpServletRequest: null
[29/01/2023 06:24:34 p. m.] [INFO ] - Extracting token from HttpServletRequest: null
[29/01/2023 06:24:34 p. m.] [INFO ] - Extracting token from HttpServletRequest: null
[29/01/2023 06:24:43 p. m.] [INFO ] - Extracting token from HttpServletRequest: null
[29/01/2023 06:24:43 p. m.] [INFO ] - Extracting token from HttpServletRequest: null
[29/01/2023 06:24:46 p. m.] [INFO ] - Extracting token from HttpServletRequest: null
[29/01/2023 06:24:46 p. m.] [INFO ] - Extracting token from HttpServletRequest: null
[29/01/2023 06:25:10 p. m.] [INFO ] - Extracting token from HttpServletRequest: null
[29/01/2023 06:26:16 p. m.] [INFO ] - Extracting token from HttpServletRequest: null
[29/01/2023 06:26:20 p. m.] [INFO ] - Extracting token from HttpServletRequest: null
[29/01/2023 06:26:26 p. m.] [INFO ] - Extracting token from HttpServletRequest: null
[29/01/2023 06:28:21 p. m.] [INFO ] - Closing JPA EntityManagerFactory for persistence unit 'default'
[29/01/2023 06:28:21 p. m.] [INFO ] - HikariPool-1 - Shutdown initiated...
[29/01/2023 06:28:21 p. m.] [INFO ] - HikariPool-1 - Shutdown completed.
[29/01/2023 06:28:31 p. m.] [INFO ] - Starting OdsApplication using Java 18 with PID 8588 (E:\BEDU\ODS\target\classes started by Gabo in E:\BEDU\ODS)
[29/01/2023 06:28:31 p. m.] [INFO ] - No active profile set, falling back to 1 default profile: "default"
[29/01/2023 06:28:32 p. m.] [INFO ] - Bootstrapping Spring Data JPA repositories in DEFAULT mode.
[29/01/2023 06:28:32 p. m.] [INFO ] - Finished Spring Data repository scanning in 69 ms. Found 3 JPA repository interfaces.
[29/01/2023 06:28:33 p. m.] [INFO ] - Tomcat initialized with port(s): 8084 (http)
[29/01/2023 06:28:33 p. m.] [INFO ] - Starting service [Tomcat]
[29/01/2023 06:28:33 p. m.] [INFO ] - Starting Servlet engine: [Apache Tomcat/10.1.1]
[29/01/2023 06:28:33 p. m.] [INFO ] - Initializing Spring embedded WebApplicationContext
[29/01/2023 06:28:33 p. m.] [INFO ] - Root WebApplicationContext: initialization completed in 1724 ms
[29/01/2023 06:28:33 p. m.] [INFO ] - HHH000204: Processing PersistenceUnitInfo [name: default]
[29/01/2023 06:28:33 p. m.] [INFO ] - HHH000412: Hibernate ORM core version 6.1.5.Final
[29/01/2023 06:28:33 p. m.] [WARN ] - HHH90000021: Encountered deprecated setting [javax.persistence.sharedCache.mode], use [jakarta.persistence.sharedCache.mode] instead
[29/01/2023 06:28:33 p. m.] [INFO ] - HikariPool-1 - Starting...
[29/01/2023 06:28:33 p. m.] [INFO ] - HikariPool-1 - Added connection com.mysql.cj.jdbc.ConnectionImpl@55d99dc3
[29/01/2023 06:28:33 p. m.] [INFO ] - HikariPool-1 - Start completed.
[29/01/2023 06:28:33 p. m.] [INFO ] - HHH000400: Using dialect: org.hibernate.dialect.MySQLDialect
[29/01/2023 06:28:35 p. m.] [INFO ] - HHH000490: Using JtaPlatform implementation: [org.hibernate.engine.transaction.jta.platform.internal.NoJtaPlatform]
[29/01/2023 06:28:35 p. m.] [INFO ] - Initialized JPA EntityManagerFactory for persistence unit 'default'
[29/01/2023 06:28:35 p. m.] [WARN ] - spring.jpa.open-in-view is enabled by default. Therefore, database queries may be performed during view rendering. Explicitly configure spring.jpa.open-in-view to disable this warning
[29/01/2023 06:28:37 p. m.] [INFO ] - Will secure any request with [org.springframework.security.web.session.DisableEncodeUrlFilter@1488d1c, org.springframework.security.web.context.request.async.WebAsyncManagerIntegrationFilter@b21cbbf, org.springframework.security.web.context.SecurityContextHolderFilter@4c682826, org.springframework.security.web.header.HeaderWriterFilter@1dab2cf5, org.springframework.security.web.authentication.logout.LogoutFilter@3c3a767, org.bedu.ods.Config.jwt.JwtTokenAuthenticationFilter@578ac0be, org.springframework.security.web.savedrequest.RequestCacheAwareFilter@7a285418, org.springframework.security.web.servletapi.SecurityContextHolderAwareRequestFilter@79e33802, org.springframework.security.web.authentication.AnonymousAuthenticationFilter@4250b0c1, org.springframework.security.web.session.SessionManagementFilter@5352bc0e, org.springframework.security.web.access.ExceptionTranslationFilter@6d97a357, org.springframework.security.web.access.intercept.AuthorizationFilter@d79a69b]
[29/01/2023 06:28:37 p. m.] [INFO ] - Tomcat started on port(s): 8084 (http) with context path ''
[29/01/2023 06:28:37 p. m.] [INFO ] - Started OdsApplication in 6.999 seconds (process running for 7.671)
[29/01/2023 06:29:43 p. m.] [INFO ] - Initializing Spring DispatcherServlet 'dispatcherServlet'
[29/01/2023 06:29:43 p. m.] [INFO ] - Initializing Servlet 'dispatcherServlet'
[29/01/2023 06:29:43 p. m.] [INFO ] - Completed initialization in 2 ms
[29/01/2023 06:29:43 p. m.] [INFO ] - Extracting token from HttpServletRequest: null
[29/01/2023 06:29:44 p. m.] [INFO ] - Extracting token from HttpServletRequest: null
[29/01/2023 06:29:57 p. m.] [INFO ] - Extracting token from HttpServletRequest: null
[29/01/2023 06:29:58 p. m.] [INFO ] - Extracting token from HttpServletRequest: null
[29/01/2023 06:30:30 p. m.] [INFO ] - Closing JPA EntityManagerFactory for persistence unit 'default'
[29/01/2023 06:30:30 p. m.] [INFO ] - HikariPool-1 - Shutdown initiated...
[29/01/2023 06:30:30 p. m.] [INFO ] - HikariPool-1 - Shutdown completed.
[29/01/2023 06:45:27 p. m.] [INFO ] - Starting ProyectosControllerTest using Java 18 with PID 16632 (started by Gabo in E:\BEDU\ODS)
[29/01/2023 06:45:27 p. m.] [INFO ] - No active profile set, falling back to 1 default profile: "default"
[29/01/2023 06:45:28 p. m.] [INFO ] - Bootstrapping Spring Data JPA repositories in DEFAULT mode.
[29/01/2023 06:45:28 p. m.] [INFO ] - Finished Spring Data repository scanning in 76 ms. Found 3 JPA repository interfaces.
[29/01/2023 06:45:29 p. m.] [INFO ] - HHH000204: Processing PersistenceUnitInfo [name: default]
[29/01/2023 06:45:29 p. m.] [INFO ] - HHH000412: Hibernate ORM core version 6.1.5.Final
[29/01/2023 06:45:29 p. m.] [WARN ] - HHH90000021: Encountered deprecated setting [javax.persistence.sharedCache.mode], use [jakarta.persistence.sharedCache.mode] instead
[29/01/2023 06:45:30 p. m.] [INFO ] - HikariPool-1 - Starting...
[29/01/2023 06:45:30 p. m.] [INFO ] - HikariPool-1 - Added connection com.mysql.cj.jdbc.ConnectionImpl@30a62a5b
[29/01/2023 06:45:30 p. m.] [INFO ] - HikariPool-1 - Start completed.
[29/01/2023 06:45:30 p. m.] [INFO ] - HHH000400: Using dialect: org.hibernate.dialect.MySQLDialect
[29/01/2023 06:45:31 p. m.] [INFO ] - HHH000490: Using JtaPlatform implementation: [org.hibernate.engine.transaction.jta.platform.internal.NoJtaPlatform]
[29/01/2023 06:45:31 p. m.] [INFO ] - Initialized JPA EntityManagerFactory for persistence unit 'default'
[29/01/2023 06:45:32 p. m.] [WARN ] - spring.jpa.open-in-view is enabled by default. Therefore, database queries may be performed during view rendering. Explicitly configure spring.jpa.open-in-view to disable this warning
[29/01/2023 06:45:36 p. m.] [INFO ] - Will secure any request with [org.springframework.security.web.session.DisableEncodeUrlFilter@755057c7, org.springframework.security.web.context.request.async.WebAsyncManagerIntegrationFilter@4d62bb8b, org.springframework.security.web.context.SecurityContextHolderFilter@175377d3, org.springframework.security.web.header.HeaderWriterFilter@289d9f0d, org.springframework.security.web.authentication.logout.LogoutFilter@1784d711, org.bedu.ods.Config.jwt.JwtTokenAuthenticationFilter@70f37190, org.springframework.security.web.savedrequest.RequestCacheAwareFilter@1926806c, org.springframework.security.web.servletapi.SecurityContextHolderAwareRequestFilter@44a972b4, org.springframework.security.web.authentication.AnonymousAuthenticationFilter@1d642682, org.springframework.security.web.session.SessionManagementFilter@4d37c996, org.springframework.security.web.access.ExceptionTranslationFilter@6cb1da13, org.springframework.security.web.access.intercept.AuthorizationFilter@4cce889e]
[29/01/2023 06:45:36 p. m.] [INFO ] - Initializing Spring TestDispatcherServlet ''
[29/01/2023 06:45:36 p. m.] [INFO ] - Initializing Servlet ''
[29/01/2023 06:45:36 p. m.] [INFO ] - Completed initialization in 0 ms
[29/01/2023 06:45:36 p. m.] [INFO ] - Started ProyectosControllerTest in 10.102 seconds (process running for 11.898)
[29/01/2023 06:45:37 p. m.] [INFO ] - Initializing Spring TestDispatcherServlet ''
[29/01/2023 06:45:37 p. m.] [INFO ] - Initializing Servlet ''
[29/01/2023 06:45:37 p. m.] [INFO ] - Completed initialization in 0 ms
[29/01/2023 06:45:37 p. m.] [INFO ] - Initializing Spring TestDispatcherServlet ''
[29/01/2023 06:45:37 p. m.] [INFO ] - Initializing Servlet ''
[29/01/2023 06:45:37 p. m.] [INFO ] - Completed initialization in 1 ms
[29/01/2023 06:45:37 p. m.] [INFO ] - Initializing Spring TestDispatcherServlet ''
[29/01/2023 06:45:37 p. m.] [INFO ] - Initializing Servlet ''
[29/01/2023 06:45:37 p. m.] [INFO ] - Completed initialization in 1 ms
[29/01/2023 06:45:37 p. m.] [INFO ] - Initializing Spring TestDispatcherServlet ''
[29/01/2023 06:45:37 p. m.] [INFO ] - Initializing Servlet ''
[29/01/2023 06:45:37 p. m.] [INFO ] - Completed initialization in 1 ms
[29/01/2023 06:45:38 p. m.] [INFO ] - Initializing Spring TestDispatcherServlet ''
[29/01/2023 06:45:38 p. m.] [INFO ] - Initializing Servlet ''
[29/01/2023 06:45:38 p. m.] [INFO ] - Completed initialization in 1 ms
[29/01/2023 06:45:40 p. m.] [INFO ] - Closing JPA EntityManagerFactory for persistence unit 'default'
[29/01/2023 06:45:40 p. m.] [INFO ] - HikariPool-1 - Shutdown initiated...
[29/01/2023 06:45:40 p. m.] [INFO ] - HikariPool-1 - Shutdown completed.
[29/01/2023 06:45:50 p. m.] [INFO ] - Starting TareasControllerTest using Java 18 with PID 8588 (started by Gabo in E:\BEDU\ODS)
[29/01/2023 06:45:50 p. m.] [INFO ] - No active profile set, falling back to 1 default profile: "default"
[29/01/2023 06:45:52 p. m.] [INFO ] - Bootstrapping Spring Data JPA repositories in DEFAULT mode.
[29/01/2023 06:45:52 p. m.] [INFO ] - Finished Spring Data repository scanning in 75 ms. Found 3 JPA repository interfaces.
[29/01/2023 06:45:53 p. m.] [INFO ] - HHH000204: Processing PersistenceUnitInfo [name: default]
[29/01/2023 06:45:53 p. m.] [INFO ] - HHH000412: Hibernate ORM core version 6.1.5.Final
[29/01/2023 06:45:53 p. m.] [WARN ] - HHH90000021: Encountered deprecated setting [javax.persistence.sharedCache.mode], use [jakarta.persistence.sharedCache.mode] instead
[29/01/2023 06:45:53 p. m.] [INFO ] - HikariPool-1 - Starting...
[29/01/2023 06:45:54 p. m.] [INFO ] - HikariPool-1 - Added connection com.mysql.cj.jdbc.ConnectionImpl@3c89b864
[29/01/2023 06:45:54 p. m.] [INFO ] - HikariPool-1 - Start completed.
[29/01/2023 06:45:54 p. m.] [INFO ] - HHH000400: Using dialect: org.hibernate.dialect.MySQLDialect
[29/01/2023 06:45:55 p. m.] [INFO ] - HHH000490: Using JtaPlatform implementation: [org.hibernate.engine.transaction.jta.platform.internal.NoJtaPlatform]
[29/01/2023 06:45:55 p. m.] [INFO ] - Initialized JPA EntityManagerFactory for persistence unit 'default'
[29/01/2023 06:45:56 p. m.] [WARN ] - spring.jpa.open-in-view is enabled by default. Therefore, database queries may be performed during view rendering. Explicitly configure spring.jpa.open-in-view to disable this warning
[29/01/2023 06:45:58 p. m.] [INFO ] - Will secure any request with [org.springframework.security.web.session.DisableEncodeUrlFilter@77a35b2f, org.springframework.security.web.context.request.async.WebAsyncManagerIntegrationFilter@755057c7, org.springframework.security.web.context.SecurityContextHolderFilter@3f8c4bcf, org.springframework.security.web.header.HeaderWriterFilter@9214725, org.springframework.security.web.authentication.logout.LogoutFilter@61c98f5, org.bedu.ods.Config.jwt.JwtTokenAuthenticationFilter@4d62bb8b, org.springframework.security.web.savedrequest.RequestCacheAwareFilter@645b67d6, org.springframework.security.web.servletapi.SecurityContextHolderAwareRequestFilter@1926806c, org.springframework.security.web.authentication.AnonymousAuthenticationFilter@70f37190, org.springframework.security.web.session.SessionManagementFilter@3a5244a1, org.springframework.security.web.access.ExceptionTranslationFilter@64b242b3, org.springframework.security.web.access.intercept.AuthorizationFilter@722e1bff]
[29/01/2023 06:45:59 p. m.] [INFO ] - Initializing Spring TestDispatcherServlet ''
[29/01/2023 06:45:59 p. m.] [INFO ] - Initializing Servlet ''
[29/01/2023 06:45:59 p. m.] [INFO ] - Completed initialization in 1 ms
[29/01/2023 06:45:59 p. m.] [INFO ] - Started TareasControllerTest in 8.913 seconds (process running for 10.4)
[29/01/2023 06:45:59 p. m.] [INFO ] - Initializing Spring TestDispatcherServlet ''
[29/01/2023 06:45:59 p. m.] [INFO ] - Initializing Servlet ''
[29/01/2023 06:45:59 p. m.] [INFO ] - Completed initialization in 1 ms
[29/01/2023 06:46:00 p. m.] [INFO ] - Initializing Spring TestDispatcherServlet ''
[29/01/2023 06:46:00 p. m.] [INFO ] - Initializing Servlet ''
[29/01/2023 06:46:00 p. m.] [INFO ] - Completed initialization in 1 ms
[29/01/2023 06:46:00 p. m.] [INFO ] - Initializing Spring TestDispatcherServlet ''
[29/01/2023 06:46:00 p. m.] [INFO ] - Initializing Servlet ''
[29/01/2023 06:46:00 p. m.] [INFO ] - Completed initialization in 1 ms
[29/01/2023 06:46:01 p. m.] [INFO ] - Initializing Spring TestDispatcherServlet ''
[29/01/2023 06:46:01 p. m.] [INFO ] - Initializing Servlet ''
[29/01/2023 06:46:01 p. m.] [INFO ] - Completed initialization in 2 ms
[29/01/2023 06:46:03 p. m.] [INFO ] - Closing JPA EntityManagerFactory for persistence unit 'default'
[29/01/2023 06:46:03 p. m.] [INFO ] - HikariPool-1 - Shutdown initiated...
[29/01/2023 06:46:03 p. m.] [INFO ] - HikariPool-1 - Shutdown completed.
[29/01/2023 06:48:45 p. m.] [INFO ] - Starting ProyectosControllerTest using Java 18 with PID 2676 (started by Gabo in E:\BEDU\ODS)
[29/01/2023 06:48:45 p. m.] [INFO ] - No active profile set, falling back to 1 default profile: "default"
[29/01/2023 06:48:46 p. m.] [INFO ] - Bootstrapping Spring Data JPA repositories in DEFAULT mode.
[29/01/2023 06:48:46 p. m.] [INFO ] - Finished Spring Data repository scanning in 76 ms. Found 3 JPA repository interfaces.
[29/01/2023 06:48:47 p. m.] [INFO ] - HHH000204: Processing PersistenceUnitInfo [name: default]
[29/01/2023 06:48:47 p. m.] [INFO ] - HHH000412: Hibernate ORM core version 6.1.5.Final
[29/01/2023 06:48:47 p. m.] [WARN ] - HHH90000021: Encountered deprecated setting [javax.persistence.sharedCache.mode], use [jakarta.persistence.sharedCache.mode] instead
[29/01/2023 06:48:48 p. m.] [INFO ] - HikariPool-1 - Starting...
[29/01/2023 06:48:48 p. m.] [INFO ] - HikariPool-1 - Added connection com.mysql.cj.jdbc.ConnectionImpl@6b0ba697
[29/01/2023 06:48:48 p. m.] [INFO ] - HikariPool-1 - Start completed.
[29/01/2023 06:48:48 p. m.] [INFO ] - HHH000400: Using dialect: org.hibernate.dialect.MySQLDialect
[29/01/2023 06:48:49 p. m.] [INFO ] - HHH000490: Using JtaPlatform implementation: [org.hibernate.engine.transaction.jta.platform.internal.NoJtaPlatform]
[29/01/2023 06:48:49 p. m.] [INFO ] - Initialized JPA EntityManagerFactory for persistence unit 'default'
[29/01/2023 06:48:50 p. m.] [WARN ] - spring.jpa.open-in-view is enabled by default. Therefore, database queries may be performed during view rendering. Explicitly configure spring.jpa.open-in-view to disable this warning
[29/01/2023 06:48:53 p. m.] [INFO ] - Will secure any request with [org.springframework.security.web.session.DisableEncodeUrlFilter@5529fd4e, org.springframework.security.web.context.request.async.WebAsyncManagerIntegrationFilter@5eaa6f76, org.springframework.security.web.context.SecurityContextHolderFilter@441d3ddf, org.springframework.security.web.header.HeaderWriterFilter@48e859f7, org.springframework.security.web.authentication.logout.LogoutFilter@4d37c996, org.bedu.ods.Config.jwt.JwtTokenAuthenticationFilter@3fc105dd, org.springframework.security.web.savedrequest.RequestCacheAwareFilter@7e584f3c, org.springframework.security.web.servletapi.SecurityContextHolderAwareRequestFilter@5f113867, org.springframework.security.web.authentication.AnonymousAuthenticationFilter@35129b9e, org.springframework.security.web.session.SessionManagementFilter@50cadbae, org.springframework.security.web.access.ExceptionTranslationFilter@5122387, org.springframework.security.web.access.intercept.AuthorizationFilter@4848681d]
[29/01/2023 06:48:53 p. m.] [INFO ] - Initializing Spring TestDispatcherServlet ''
[29/01/2023 06:48:53 p. m.] [INFO ] - Initializing Servlet ''
[29/01/2023 06:48:53 p. m.] [INFO ] - Completed initialization in 2 ms
[29/01/2023 06:48:53 p. m.] [INFO ] - Started ProyectosControllerTest in 8.968 seconds (process running for 10.442)
[29/01/2023 06:48:54 p. m.] [INFO ] - Initializing Spring TestDispatcherServlet ''
[29/01/2023 06:48:54 p. m.] [INFO ] - Initializing Servlet ''
[29/01/2023 06:48:54 p. m.] [INFO ] - Completed initialization in 1 ms
[29/01/2023 06:48:54 p. m.] [INFO ] - Initializing Spring TestDispatcherServlet ''
[29/01/2023 06:48:54 p. m.] [INFO ] - Initializing Servlet ''
[29/01/2023 06:48:54 p. m.] [INFO ] - Completed initialization in 1 ms
[29/01/2023 06:48:54 p. m.] [INFO ] - Initializing Spring TestDispatcherServlet ''
[29/01/2023 06:48:54 p. m.] [INFO ] - Initializing Servlet ''
[29/01/2023 06:48:54 p. m.] [INFO ] - Completed initialization in 2 ms
[29/01/2023 06:48:54 p. m.] [INFO ] - Initializing Spring TestDispatcherServlet ''
[29/01/2023 06:48:54 p. m.] [INFO ] - Initializing Servlet ''
[29/01/2023 06:48:54 p. m.] [INFO ] - Completed initialization in 0 ms
[29/01/2023 06:48:55 p. m.] [INFO ] - Initializing Spring TestDispatcherServlet ''
[29/01/2023 06:48:55 p. m.] [INFO ] - Initializing Servlet ''
[29/01/2023 06:48:55 p. m.] [INFO ] - Completed initialization in 1 ms
[29/01/2023 06:48:57 p. m.] [INFO ] - Closing JPA EntityManagerFactory for persistence unit 'default'
[29/01/2023 06:48:57 p. m.] [INFO ] - HikariPool-1 - Shutdown initiated...
[29/01/2023 06:48:57 p. m.] [INFO ] - HikariPool-1 - Shutdown completed.
